#
# There is insufficient memory for the Java Runtime Environment to continue.
# Native memory allocation (malloc) failed to allocate 1169296 bytes for Chunk::new
# Possible reasons:
#   The system is out of physical RAM or swap space
#   The process is running with CompressedOops enabled, and the Java Heap may be blocking the growth of the native heap
# Possible solutions:
#   Reduce memory load on the system
#   Increase physical memory or swap space
#   Check if swap backing store is full
#   Decrease Java heap size (-Xmx/-Xms)
#   Decrease number of Java threads
#   Decrease Java thread stack sizes (-Xss)
#   Set larger code cache with -XX:ReservedCodeCacheSize=
#   JVM is running with Unscaled Compressed Oops mode in which the Java heap is
#     placed in the first 4GB address space. The Java Heap base address is the
#     maximum limit for the native heap growth. Please use -XX:HeapBaseMinAddress
#     to set the Java Heap base and to place the Java Heap above 4GB virtual address.
# This output file may be truncated or incomplete.
#
#  Out of Memory Error (arena.cpp:189), pid=14400, tid=34356
#
# JRE version: Java(TM) SE Runtime Environment (17.0.10+11) (build 17.0.10+11-LTS-240)
# Java VM: Java HotSpot(TM) 64-Bit Server VM (17.0.10+11-LTS-240, mixed mode, sharing, tiered, compressed oops, compressed class ptrs, g1 gc, windows-amd64)
# No core dump will be written. Minidumps are not enabled by default on client versions of Windows
#

---------------  S U M M A R Y ------------

Command Line: --add-opens=java.base/java.util=ALL-UNNAMED --add-opens=java.base/java.lang=ALL-UNNAMED --add-opens=java.base/java.lang.invoke=ALL-UNNAMED --add-opens=java.prefs/java.util.prefs=ALL-UNNAMED --add-exports=jdk.compiler/com.sun.tools.javac.api=ALL-UNNAMED --add-exports=jdk.compiler/com.sun.tools.javac.util=ALL-UNNAMED --add-opens=java.base/java.nio.charset=ALL-UNNAMED --add-opens=java.base/java.net=ALL-UNNAMED --add-opens=java.base/java.util.concurrent.atomic=ALL-UNNAMED -XX:MaxMetaspaceSize=384m -XX:+HeapDumpOnOutOfMemoryError -Xms256m -Xmx512m -Dfile.encoding=windows-1252 -Duser.country=US -Duser.language=en -Duser.variant -javaagent:C:\Users\madyb\.gradle\wrapper\dists\gradle-8.10.2-bin\a04bxjujx95o3nb99gddekhwo\gradle-8.10.2\lib\agents\gradle-instrumentation-agent-8.10.2.jar org.gradle.launcher.daemon.bootstrap.GradleDaemon 8.10.2

Host: AMD Ryzen 3 3250U with Radeon Graphics         , 4 cores, 5G,  Windows 11 , 64 bit Build 22621 (10.0.22621.4391)
Time: Tue Dec 10 13:07:25 2024 Central Standard Time elapsed time: 19.217697 seconds (0d 0h 0m 19s)

---------------  T H R E A D  ---------------

Current thread (0x000002297e672ef0):  JavaThread "C2 CompilerThread0" daemon [_thread_in_native, id=34356, stack(0x0000002ffc900000,0x0000002ffca00000)]


Current CompileTask:
C2:  19217 4865  s!   4       jdk.internal.loader.URLClassPath::getLoader (194 bytes)

Stack: [0x0000002ffc900000,0x0000002ffca00000]
Native frames: (J=compiled Java code, j=interpreted, Vv=VM code, C=native code)
V  [jvm.dll+0x677a5a]
V  [jvm.dll+0x7d8b2d]
V  [jvm.dll+0x7da48e]
V  [jvm.dll+0x7daaf3]
V  [jvm.dll+0x2455ff]
V  [jvm.dll+0xaaafb]
V  [jvm.dll+0xab09c]
V  [jvm.dll+0x361b5f]
V  [jvm.dll+0x32c211]
V  [jvm.dll+0x32b6aa]
V  [jvm.dll+0x21794f]
V  [jvm.dll+0x216d81]
V  [jvm.dll+0x1a3410]
V  [jvm.dll+0x226aeb]
V  [jvm.dll+0x224cab]
V  [jvm.dll+0x78e45c]
V  [jvm.dll+0x78888a]
V  [jvm.dll+0x676935]
C  [ucrtbase.dll+0x29333]
C  [KERNEL32.DLL+0x1259d]
C  [ntdll.dll+0x5af38]


---------------  P R O C E S S  ---------------

Threads class SMR info:
_java_thread_list=0x000002291b2fb620, length=37, elements={
0x00000229626c3120, 0x000002297e6528f0, 0x000002297e654780, 0x000002297e66cff0,
0x000002297e66ebc0, 0x000002297e66f780, 0x000002297e672150, 0x000002297e672ef0,
0x000002297e6779c0, 0x000002297e68b330, 0x000002297e890d40, 0x000002297e9912c0,
0x000002297f34e940, 0x0000022919abc3d0, 0x000002297e930d50, 0x00000229191deeb0,
0x000002297e861390, 0x00000229194ce2c0, 0x00000229194cce80, 0x00000229194ce7d0,
0x00000229194cece0, 0x00000229194cf1f0, 0x00000229194cf700, 0x00000229194cfc10,
0x00000229194d0120, 0x00000229194cd390, 0x00000229194cc970, 0x00000229194cd8a0,
0x00000229194cddb0, 0x000002291ae88fe0, 0x000002291ae87690, 0x000002291ae87ba0,
0x000002291ae82fb0, 0x000002291ae843f0, 0x000002291ae88ad0, 0x000002291ae885c0,
0x000002291ae894f0
}

Java Threads: ( => current thread )
  0x00000229626c3120 JavaThread "main" [_thread_blocked, id=33248, stack(0x0000002ffbb00000,0x0000002ffbc00000)]
  0x000002297e6528f0 JavaThread "Reference Handler" daemon [_thread_blocked, id=7724, stack(0x0000002ffc300000,0x0000002ffc400000)]
  0x000002297e654780 JavaThread "Finalizer" daemon [_thread_blocked, id=12516, stack(0x0000002ffc400000,0x0000002ffc500000)]
  0x000002297e66cff0 JavaThread "Signal Dispatcher" daemon [_thread_blocked, id=31772, stack(0x0000002ffc500000,0x0000002ffc600000)]
  0x000002297e66ebc0 JavaThread "Attach Listener" daemon [_thread_blocked, id=31356, stack(0x0000002ffc600000,0x0000002ffc700000)]
  0x000002297e66f780 JavaThread "Service Thread" daemon [_thread_blocked, id=34136, stack(0x0000002ffc700000,0x0000002ffc800000)]
  0x000002297e672150 JavaThread "Monitor Deflation Thread" daemon [_thread_blocked, id=20572, stack(0x0000002ffc800000,0x0000002ffc900000)]
=>0x000002297e672ef0 JavaThread "C2 CompilerThread0" daemon [_thread_in_native, id=34356, stack(0x0000002ffc900000,0x0000002ffca00000)]
  0x000002297e6779c0 JavaThread "C1 CompilerThread0" daemon [_thread_blocked, id=32948, stack(0x0000002ffca00000,0x0000002ffcb00000)]
  0x000002297e68b330 JavaThread "Sweeper thread" daemon [_thread_blocked, id=24404, stack(0x0000002ffcb00000,0x0000002ffcc00000)]
  0x000002297e890d40 JavaThread "Common-Cleaner" daemon [_thread_blocked, id=24544, stack(0x0000002ffcc00000,0x0000002ffcd00000)]
  0x000002297e9912c0 JavaThread "Notification Thread" daemon [_thread_blocked, id=33492, stack(0x0000002ffcd00000,0x0000002ffce00000)]
  0x000002297f34e940 JavaThread "Daemon health stats" [_thread_blocked, id=33032, stack(0x0000002ffd300000,0x0000002ffd400000)]
  0x0000022919abc3d0 JavaThread "Incoming local TCP Connector on port 55038" [_thread_in_native, id=30760, stack(0x0000002ffd400000,0x0000002ffd500000)]
  0x000002297e930d50 JavaThread "Daemon periodic checks" [_thread_blocked, id=10476, stack(0x0000002ffd500000,0x0000002ffd600000)]
  0x00000229191deeb0 JavaThread "Daemon" [_thread_blocked, id=33504, stack(0x0000002ffd600000,0x0000002ffd700000)]
  0x000002297e861390 JavaThread "Handler for socket connection from /127.0.0.1:55038 to /127.0.0.1:55039" [_thread_in_native, id=23624, stack(0x0000002ffd700000,0x0000002ffd800000)]
  0x00000229194ce2c0 JavaThread "Cancel handler" [_thread_blocked, id=32292, stack(0x0000002ffd800000,0x0000002ffd900000)]
  0x00000229194cce80 JavaThread "Daemon worker" [_thread_in_vm, id=32620, stack(0x0000002ffd900000,0x0000002ffda00000)]
  0x00000229194ce7d0 JavaThread "Asynchronous log dispatcher for DefaultDaemonConnection: socket connection from /127.0.0.1:55038 to /127.0.0.1:55039" [_thread_blocked, id=3664, stack(0x0000002ffda00000,0x0000002ffdb00000)]
  0x00000229194cece0 JavaThread "Stdin handler" [_thread_blocked, id=33432, stack(0x0000002ffdb00000,0x0000002ffdc00000)]
  0x00000229194cf1f0 JavaThread "Daemon client event forwarder" [_thread_blocked, id=33144, stack(0x0000002ffdc00000,0x0000002ffdd00000)]
  0x00000229194cf700 JavaThread "Cache worker for journal cache (C:\Users\madyb\.gradle\caches\journal-1)" [_thread_blocked, id=27716, stack(0x0000002ffdd00000,0x0000002ffde00000)]
  0x00000229194cfc10 JavaThread "File lock request listener" [_thread_in_native, id=34072, stack(0x0000002ffde00000,0x0000002ffdf00000)]
  0x00000229194d0120 JavaThread "Cache worker for file hash cache (C:\Users\madyb\.gradle\caches\8.10.2\fileHashes)" [_thread_blocked, id=34016, stack(0x0000002ffdf00000,0x0000002ffe000000)]
  0x00000229194cd390 JavaThread "Cache worker for file hash cache (C:\Users\madyb\Projects\ourexp\ourexp-api\.gradle\8.10.2\fileHashes)" [_thread_blocked, id=31384, stack(0x0000002ffe000000,0x0000002ffe100000)]
  0x00000229194cc970 JavaThread "Cache worker for Build Output Cleanup Cache (C:\Users\madyb\Projects\ourexp\ourexp-api\.gradle\buildOutputCleanup)" [_thread_blocked, id=29472, stack(0x0000002ffe100000,0x0000002ffe200000)]
  0x00000229194cd8a0 JavaThread "File watcher server" daemon [_thread_in_native, id=31472, stack(0x0000002ffe200000,0x0000002ffe300000)]
  0x00000229194cddb0 JavaThread "File watcher consumer" daemon [_thread_blocked, id=31108, stack(0x0000002ffe300000,0x0000002ffe400000)]
  0x000002291ae88fe0 JavaThread "Cache worker for checksums cache (C:\Users\madyb\Projects\ourexp\ourexp-api\.gradle\8.10.2\checksums)" [_thread_blocked, id=12080, stack(0x0000002ffe400000,0x0000002ffe500000)]
  0x000002291ae87690 JavaThread "Cache worker for file content cache (C:\Users\madyb\.gradle\caches\8.10.2\fileContent)" [_thread_blocked, id=31544, stack(0x0000002ffe500000,0x0000002ffe600000)]
  0x000002291ae87ba0 JavaThread "Cache worker for cache directory md-rule (C:\Users\madyb\.gradle\caches\8.10.2\md-rule)" [_thread_blocked, id=31760, stack(0x0000002ffe600000,0x0000002ffe700000)]
  0x000002291ae82fb0 JavaThread "Cache worker for cache directory md-supplier (C:\Users\madyb\.gradle\caches\8.10.2\md-supplier)" [_thread_blocked, id=33280, stack(0x0000002ffe700000,0x0000002ffe800000)]
  0x000002291ae843f0 JavaThread "jar transforms" [_thread_blocked, id=32832, stack(0x0000002ffe800000,0x0000002ffe900000)]
  0x000002291ae88ad0 JavaThread "jar transforms Thread 2" [_thread_blocked, id=34352, stack(0x0000002ffe900000,0x0000002ffea00000)]
  0x000002291ae885c0 JavaThread "jar transforms Thread 3" [_thread_blocked, id=33916, stack(0x0000002ffea00000,0x0000002ffeb00000)]
  0x000002291ae894f0 JavaThread "jar transforms Thread 4" [_thread_blocked, id=32248, stack(0x0000002ffeb00000,0x0000002ffec00000)]

Other Threads:
  0x000002297e64e550 VMThread "VM Thread" [stack: 0x0000002ffc200000,0x0000002ffc300000] [id=23756]
  0x000002297e935900 WatcherThread [stack: 0x0000002ffce00000,0x0000002ffcf00000] [id=34036]
  0x00000229626f11c0 GCTaskThread "GC Thread#0" [stack: 0x0000002ffbd00000,0x0000002ffbe00000] [id=33328]
  0x000002297ea14dc0 GCTaskThread "GC Thread#1" [stack: 0x0000002ffcf00000,0x0000002ffd000000] [id=30996]
  0x000002297ea15080 GCTaskThread "GC Thread#2" [stack: 0x0000002ffd000000,0x0000002ffd100000] [id=18992]
  0x000002297eb3bab0 GCTaskThread "GC Thread#3" [stack: 0x0000002ffd100000,0x0000002ffd200000] [id=24372]
  0x00000229626f7930 ConcurrentGCThread "G1 Main Marker" [stack: 0x0000002ffbe00000,0x0000002ffbf00000] [id=33340]
  0x00000229626f8ae0 ConcurrentGCThread "G1 Conc#0" [stack: 0x0000002ffbf00000,0x0000002ffc000000] [id=24852]
  0x000002296278e580 ConcurrentGCThread "G1 Refine#0" [stack: 0x0000002ffc000000,0x0000002ffc100000] [id=31672]
  0x000002297f38bde0 ConcurrentGCThread "G1 Refine#1" [stack: 0x0000002ffd200000,0x0000002ffd300000] [id=33304]
  0x000002297f3bc280 ConcurrentGCThread "G1 Refine#2" [stack: 0x0000002ffec00000,0x0000002ffed00000] [id=6084]
  0x000002297e5160d0 ConcurrentGCThread "G1 Service" [stack: 0x0000002ffc100000,0x0000002ffc200000] [id=29808]

Threads with active compile tasks:
C2 CompilerThread0    19266 4865  s!   4       jdk.internal.loader.URLClassPath::getLoader (194 bytes)

VM state: not at safepoint (normal execution)

VM Mutex/Monitor currently owned by a thread: None

Heap address: 0x00000000e0000000, size: 512 MB, Compressed Oops mode: 32-bit

CDS archive(s) mapped at: [0x0000022900000000-0x0000022900bd0000-0x0000022900bd0000), size 12386304, SharedBaseAddress: 0x0000022900000000, ArchiveRelocationMode: 1.
Compressed class space mapped at: 0x0000022901000000-0x0000022915000000, reserved size: 335544320
Narrow klass base: 0x0000022900000000, Narrow klass shift: 0, Narrow klass range: 0x100000000

GC Precious Log:
 CPUs: 4 total, 4 available
 Memory: 6063M
 Large Page Support: Disabled
 NUMA Support: Disabled
 Compressed Oops: Enabled (32-bit)
 Heap Region Size: 1M
 Heap Min Capacity: 256M
 Heap Initial Capacity: 256M
 Heap Max Capacity: 512M
 Pre-touch: Disabled
 Parallel Workers: 4
 Concurrent Workers: 1
 Concurrent Refinement Workers: 4
 Periodic GC: Disabled

Heap:
 garbage-first heap   total 262144K, used 115705K [0x00000000e0000000, 0x0000000100000000)
  region size 1024K, 91 young (93184K), 10 survivors (10240K)
 Metaspace       used 46552K, committed 47040K, reserved 393216K
  class space    used 6443K, committed 6656K, reserved 327680K

Heap Regions: E=young(eden), S=young(survivor), O=old, HS=humongous(starts), HC=humongous(continues), CS=collection set, F=free, OA=open archive, CA=closed archive, TAMS=top-at-mark-start (previous, next)
|   0|0x00000000e0000000, 0x00000000e0100000, 0x00000000e0100000|100%|HS|  |TAMS 0x00000000e0100000, 0x00000000e0000000| Complete 
|   1|0x00000000e0100000, 0x00000000e0200000, 0x00000000e0200000|100%|HC|  |TAMS 0x00000000e0200000, 0x00000000e0100000| Complete 
|   2|0x00000000e0200000, 0x00000000e0300000, 0x00000000e0300000|100%|HC|  |TAMS 0x00000000e0300000, 0x00000000e0200000| Complete 
|   3|0x00000000e0300000, 0x00000000e0400000, 0x00000000e0400000|100%|HC|  |TAMS 0x00000000e0400000, 0x00000000e0300000| Complete 
|   4|0x00000000e0400000, 0x00000000e0500000, 0x00000000e0500000|100%| O|  |TAMS 0x00000000e0500000, 0x00000000e0400000| Untracked 
|   5|0x00000000e0500000, 0x00000000e0600000, 0x00000000e0600000|100%| O|  |TAMS 0x00000000e0600000, 0x00000000e0500000| Untracked 
|   6|0x00000000e0600000, 0x00000000e0700000, 0x00000000e0700000|100%| O|  |TAMS 0x00000000e0700000, 0x00000000e0600000| Untracked 
|   7|0x00000000e0700000, 0x00000000e0800000, 0x00000000e0800000|100%| O|  |TAMS 0x00000000e0800000, 0x00000000e0700000| Untracked 
|   8|0x00000000e0800000, 0x00000000e0900000, 0x00000000e0900000|100%|HS|  |TAMS 0x00000000e0900000, 0x00000000e0800000| Complete 
|   9|0x00000000e0900000, 0x00000000e0a00000, 0x00000000e0a00000|100%| O|  |TAMS 0x00000000e0a00000, 0x00000000e0900000| Untracked 
|  10|0x00000000e0a00000, 0x00000000e0b00000, 0x00000000e0b00000|100%| O|  |TAMS 0x00000000e0b00000, 0x00000000e0a00000| Untracked 
|  11|0x00000000e0b00000, 0x00000000e0c00000, 0x00000000e0c00000|100%| O|  |TAMS 0x00000000e0c00000, 0x00000000e0b00000| Untracked 
|  12|0x00000000e0c00000, 0x00000000e0d00000, 0x00000000e0d00000|100%| O|  |TAMS 0x00000000e0d00000, 0x00000000e0c00000| Untracked 
|  13|0x00000000e0d00000, 0x00000000e0e00000, 0x00000000e0e00000|100%| O|  |TAMS 0x00000000e0e00000, 0x00000000e0d00000| Untracked 
|  14|0x00000000e0e00000, 0x00000000e0f00000, 0x00000000e0f00000|100%| O|  |TAMS 0x00000000e0f00000, 0x00000000e0e00000| Untracked 
|  15|0x00000000e0f00000, 0x00000000e1000000, 0x00000000e1000000|100%| O|  |TAMS 0x00000000e1000000, 0x00000000e0f00000| Untracked 
|  16|0x00000000e1000000, 0x00000000e1100000, 0x00000000e1100000|100%| O|  |TAMS 0x00000000e1100000, 0x00000000e1000000| Untracked 
|  17|0x00000000e1100000, 0x00000000e1200000, 0x00000000e1200000|100%| O|  |TAMS 0x00000000e1200000, 0x00000000e1100000| Untracked 
|  18|0x00000000e1200000, 0x00000000e1300000, 0x00000000e1300000|100%| O|  |TAMS 0x00000000e1300000, 0x00000000e1200000| Untracked 
|  19|0x00000000e1300000, 0x00000000e1400000, 0x00000000e1400000|100%| O|  |TAMS 0x00000000e1400000, 0x00000000e1300000| Untracked 
|  20|0x00000000e1400000, 0x00000000e1500000, 0x00000000e1500000|100%| O|  |TAMS 0x00000000e1500000, 0x00000000e1400000| Untracked 
|  21|0x00000000e1500000, 0x00000000e1600000, 0x00000000e1600000|100%| O|  |TAMS 0x00000000e1600000, 0x00000000e1500000| Untracked 
|  22|0x00000000e1600000, 0x00000000e1641a00, 0x00000000e1700000| 25%| O|  |TAMS 0x00000000e1641a00, 0x00000000e1600000| Untracked 
|  23|0x00000000e1700000, 0x00000000e1800000, 0x00000000e1800000|100%|HS|  |TAMS 0x00000000e1700000, 0x00000000e1700000| Complete 
|  24|0x00000000e1800000, 0x00000000e1900000, 0x00000000e1900000|100%|HS|  |TAMS 0x00000000e1800000, 0x00000000e1800000| Complete 
|  25|0x00000000e1900000, 0x00000000e1900000, 0x00000000e1a00000|  0%| F|  |TAMS 0x00000000e1900000, 0x00000000e1900000| Untracked 
|  26|0x00000000e1a00000, 0x00000000e1a00000, 0x00000000e1b00000|  0%| F|  |TAMS 0x00000000e1a00000, 0x00000000e1a00000| Untracked 
|  27|0x00000000e1b00000, 0x00000000e1b00000, 0x00000000e1c00000|  0%| F|  |TAMS 0x00000000e1b00000, 0x00000000e1b00000| Untracked 
|  28|0x00000000e1c00000, 0x00000000e1c00000, 0x00000000e1d00000|  0%| F|  |TAMS 0x00000000e1c00000, 0x00000000e1c00000| Untracked 
|  29|0x00000000e1d00000, 0x00000000e1d00000, 0x00000000e1e00000|  0%| F|  |TAMS 0x00000000e1d00000, 0x00000000e1d00000| Untracked 
|  30|0x00000000e1e00000, 0x00000000e1e00000, 0x00000000e1f00000|  0%| F|  |TAMS 0x00000000e1e00000, 0x00000000e1e00000| Untracked 
|  31|0x00000000e1f00000, 0x00000000e1f00000, 0x00000000e2000000|  0%| F|  |TAMS 0x00000000e1f00000, 0x00000000e1f00000| Untracked 
|  32|0x00000000e2000000, 0x00000000e2000000, 0x00000000e2100000|  0%| F|  |TAMS 0x00000000e2000000, 0x00000000e2000000| Untracked 
|  33|0x00000000e2100000, 0x00000000e2100000, 0x00000000e2200000|  0%| F|  |TAMS 0x00000000e2100000, 0x00000000e2100000| Untracked 
|  34|0x00000000e2200000, 0x00000000e2200000, 0x00000000e2300000|  0%| F|  |TAMS 0x00000000e2200000, 0x00000000e2200000| Untracked 
|  35|0x00000000e2300000, 0x00000000e2300000, 0x00000000e2400000|  0%| F|  |TAMS 0x00000000e2300000, 0x00000000e2300000| Untracked 
|  36|0x00000000e2400000, 0x00000000e2400000, 0x00000000e2500000|  0%| F|  |TAMS 0x00000000e2400000, 0x00000000e2400000| Untracked 
|  37|0x00000000e2500000, 0x00000000e2500000, 0x00000000e2600000|  0%| F|  |TAMS 0x00000000e2500000, 0x00000000e2500000| Untracked 
|  38|0x00000000e2600000, 0x00000000e2600000, 0x00000000e2700000|  0%| F|  |TAMS 0x00000000e2600000, 0x00000000e2600000| Untracked 
|  39|0x00000000e2700000, 0x00000000e2700000, 0x00000000e2800000|  0%| F|  |TAMS 0x00000000e2700000, 0x00000000e2700000| Untracked 
|  40|0x00000000e2800000, 0x00000000e2800000, 0x00000000e2900000|  0%| F|  |TAMS 0x00000000e2800000, 0x00000000e2800000| Untracked 
|  41|0x00000000e2900000, 0x00000000e2900000, 0x00000000e2a00000|  0%| F|  |TAMS 0x00000000e2900000, 0x00000000e2900000| Untracked 
|  42|0x00000000e2a00000, 0x00000000e2a00000, 0x00000000e2b00000|  0%| F|  |TAMS 0x00000000e2a00000, 0x00000000e2a00000| Untracked 
|  43|0x00000000e2b00000, 0x00000000e2b00000, 0x00000000e2c00000|  0%| F|  |TAMS 0x00000000e2b00000, 0x00000000e2b00000| Untracked 
|  44|0x00000000e2c00000, 0x00000000e2c00000, 0x00000000e2d00000|  0%| F|  |TAMS 0x00000000e2c00000, 0x00000000e2c00000| Untracked 
|  45|0x00000000e2d00000, 0x00000000e2d00000, 0x00000000e2e00000|  0%| F|  |TAMS 0x00000000e2d00000, 0x00000000e2d00000| Untracked 
|  46|0x00000000e2e00000, 0x00000000e2e00000, 0x00000000e2f00000|  0%| F|  |TAMS 0x00000000e2e00000, 0x00000000e2e00000| Untracked 
|  47|0x00000000e2f00000, 0x00000000e2f00000, 0x00000000e3000000|  0%| F|  |TAMS 0x00000000e2f00000, 0x00000000e2f00000| Untracked 
|  48|0x00000000e3000000, 0x00000000e3000000, 0x00000000e3100000|  0%| F|  |TAMS 0x00000000e3000000, 0x00000000e3000000| Untracked 
|  49|0x00000000e3100000, 0x00000000e3100000, 0x00000000e3200000|  0%| F|  |TAMS 0x00000000e3100000, 0x00000000e3100000| Untracked 
|  50|0x00000000e3200000, 0x00000000e3200000, 0x00000000e3300000|  0%| F|  |TAMS 0x00000000e3200000, 0x00000000e3200000| Untracked 
|  51|0x00000000e3300000, 0x00000000e3300000, 0x00000000e3400000|  0%| F|  |TAMS 0x00000000e3300000, 0x00000000e3300000| Untracked 
|  52|0x00000000e3400000, 0x00000000e3400000, 0x00000000e3500000|  0%| F|  |TAMS 0x00000000e3400000, 0x00000000e3400000| Untracked 
|  53|0x00000000e3500000, 0x00000000e3500000, 0x00000000e3600000|  0%| F|  |TAMS 0x00000000e3500000, 0x00000000e3500000| Untracked 
|  54|0x00000000e3600000, 0x00000000e3600000, 0x00000000e3700000|  0%| F|  |TAMS 0x00000000e3600000, 0x00000000e3600000| Untracked 
|  55|0x00000000e3700000, 0x00000000e3700000, 0x00000000e3800000|  0%| F|  |TAMS 0x00000000e3700000, 0x00000000e3700000| Untracked 
|  56|0x00000000e3800000, 0x00000000e3800000, 0x00000000e3900000|  0%| F|  |TAMS 0x00000000e3800000, 0x00000000e3800000| Untracked 
|  57|0x00000000e3900000, 0x00000000e3900000, 0x00000000e3a00000|  0%| F|  |TAMS 0x00000000e3900000, 0x00000000e3900000| Untracked 
|  58|0x00000000e3a00000, 0x00000000e3a00000, 0x00000000e3b00000|  0%| F|  |TAMS 0x00000000e3a00000, 0x00000000e3a00000| Untracked 
|  59|0x00000000e3b00000, 0x00000000e3b00000, 0x00000000e3c00000|  0%| F|  |TAMS 0x00000000e3b00000, 0x00000000e3b00000| Untracked 
|  60|0x00000000e3c00000, 0x00000000e3c00000, 0x00000000e3d00000|  0%| F|  |TAMS 0x00000000e3c00000, 0x00000000e3c00000| Untracked 
|  61|0x00000000e3d00000, 0x00000000e3d00000, 0x00000000e3e00000|  0%| F|  |TAMS 0x00000000e3d00000, 0x00000000e3d00000| Untracked 
|  62|0x00000000e3e00000, 0x00000000e3e00000, 0x00000000e3f00000|  0%| F|  |TAMS 0x00000000e3e00000, 0x00000000e3e00000| Untracked 
|  63|0x00000000e3f00000, 0x00000000e3f00000, 0x00000000e4000000|  0%| F|  |TAMS 0x00000000e3f00000, 0x00000000e3f00000| Untracked 
|  64|0x00000000e4000000, 0x00000000e4000000, 0x00000000e4100000|  0%| F|  |TAMS 0x00000000e4000000, 0x00000000e4000000| Untracked 
|  65|0x00000000e4100000, 0x00000000e4100000, 0x00000000e4200000|  0%| F|  |TAMS 0x00000000e4100000, 0x00000000e4100000| Untracked 
|  66|0x00000000e4200000, 0x00000000e4200000, 0x00000000e4300000|  0%| F|  |TAMS 0x00000000e4200000, 0x00000000e4200000| Untracked 
|  67|0x00000000e4300000, 0x00000000e4300000, 0x00000000e4400000|  0%| F|  |TAMS 0x00000000e4300000, 0x00000000e4300000| Untracked 
|  68|0x00000000e4400000, 0x00000000e4400000, 0x00000000e4500000|  0%| F|  |TAMS 0x00000000e4400000, 0x00000000e4400000| Untracked 
|  69|0x00000000e4500000, 0x00000000e4500000, 0x00000000e4600000|  0%| F|  |TAMS 0x00000000e4500000, 0x00000000e4500000| Untracked 
|  70|0x00000000e4600000, 0x00000000e4600000, 0x00000000e4700000|  0%| F|  |TAMS 0x00000000e4600000, 0x00000000e4600000| Untracked 
|  71|0x00000000e4700000, 0x00000000e4700000, 0x00000000e4800000|  0%| F|  |TAMS 0x00000000e4700000, 0x00000000e4700000| Untracked 
|  72|0x00000000e4800000, 0x00000000e4800000, 0x00000000e4900000|  0%| F|  |TAMS 0x00000000e4800000, 0x00000000e4800000| Untracked 
|  73|0x00000000e4900000, 0x00000000e4900000, 0x00000000e4a00000|  0%| F|  |TAMS 0x00000000e4900000, 0x00000000e4900000| Untracked 
|  74|0x00000000e4a00000, 0x00000000e4a00000, 0x00000000e4b00000|  0%| F|  |TAMS 0x00000000e4a00000, 0x00000000e4a00000| Untracked 
|  75|0x00000000e4b00000, 0x00000000e4b00000, 0x00000000e4c00000|  0%| F|  |TAMS 0x00000000e4b00000, 0x00000000e4b00000| Untracked 
|  76|0x00000000e4c00000, 0x00000000e4c00000, 0x00000000e4d00000|  0%| F|  |TAMS 0x00000000e4c00000, 0x00000000e4c00000| Untracked 
|  77|0x00000000e4d00000, 0x00000000e4d00000, 0x00000000e4e00000|  0%| F|  |TAMS 0x00000000e4d00000, 0x00000000e4d00000| Untracked 
|  78|0x00000000e4e00000, 0x00000000e4e00000, 0x00000000e4f00000|  0%| F|  |TAMS 0x00000000e4e00000, 0x00000000e4e00000| Untracked 
|  79|0x00000000e4f00000, 0x00000000e4f00000, 0x00000000e5000000|  0%| F|  |TAMS 0x00000000e4f00000, 0x00000000e4f00000| Untracked 
|  80|0x00000000e5000000, 0x00000000e5000000, 0x00000000e5100000|  0%| F|  |TAMS 0x00000000e5000000, 0x00000000e5000000| Untracked 
|  81|0x00000000e5100000, 0x00000000e5100000, 0x00000000e5200000|  0%| F|  |TAMS 0x00000000e5100000, 0x00000000e5100000| Untracked 
|  82|0x00000000e5200000, 0x00000000e5200000, 0x00000000e5300000|  0%| F|  |TAMS 0x00000000e5200000, 0x00000000e5200000| Untracked 
|  83|0x00000000e5300000, 0x00000000e5300000, 0x00000000e5400000|  0%| F|  |TAMS 0x00000000e5300000, 0x00000000e5300000| Untracked 
|  84|0x00000000e5400000, 0x00000000e5400000, 0x00000000e5500000|  0%| F|  |TAMS 0x00000000e5400000, 0x00000000e5400000| Untracked 
|  85|0x00000000e5500000, 0x00000000e5500000, 0x00000000e5600000|  0%| F|  |TAMS 0x00000000e5500000, 0x00000000e5500000| Untracked 
|  86|0x00000000e5600000, 0x00000000e5600000, 0x00000000e5700000|  0%| F|  |TAMS 0x00000000e5600000, 0x00000000e5600000| Untracked 
|  87|0x00000000e5700000, 0x00000000e5700000, 0x00000000e5800000|  0%| F|  |TAMS 0x00000000e5700000, 0x00000000e5700000| Untracked 
|  88|0x00000000e5800000, 0x00000000e5800000, 0x00000000e5900000|  0%| F|  |TAMS 0x00000000e5800000, 0x00000000e5800000| Untracked 
|  89|0x00000000e5900000, 0x00000000e5900000, 0x00000000e5a00000|  0%| F|  |TAMS 0x00000000e5900000, 0x00000000e5900000| Untracked 
|  90|0x00000000e5a00000, 0x00000000e5a00000, 0x00000000e5b00000|  0%| F|  |TAMS 0x00000000e5a00000, 0x00000000e5a00000| Untracked 
|  91|0x00000000e5b00000, 0x00000000e5b00000, 0x00000000e5c00000|  0%| F|  |TAMS 0x00000000e5b00000, 0x00000000e5b00000| Untracked 
|  92|0x00000000e5c00000, 0x00000000e5c00000, 0x00000000e5d00000|  0%| F|  |TAMS 0x00000000e5c00000, 0x00000000e5c00000| Untracked 
|  93|0x00000000e5d00000, 0x00000000e5d00000, 0x00000000e5e00000|  0%| F|  |TAMS 0x00000000e5d00000, 0x00000000e5d00000| Untracked 
|  94|0x00000000e5e00000, 0x00000000e5e00000, 0x00000000e5f00000|  0%| F|  |TAMS 0x00000000e5e00000, 0x00000000e5e00000| Untracked 
|  95|0x00000000e5f00000, 0x00000000e5f00000, 0x00000000e6000000|  0%| F|  |TAMS 0x00000000e5f00000, 0x00000000e5f00000| Untracked 
|  96|0x00000000e6000000, 0x00000000e6000000, 0x00000000e6100000|  0%| F|  |TAMS 0x00000000e6000000, 0x00000000e6000000| Untracked 
|  97|0x00000000e6100000, 0x00000000e6100000, 0x00000000e6200000|  0%| F|  |TAMS 0x00000000e6100000, 0x00000000e6100000| Untracked 
|  98|0x00000000e6200000, 0x00000000e6200000, 0x00000000e6300000|  0%| F|  |TAMS 0x00000000e6200000, 0x00000000e6200000| Untracked 
|  99|0x00000000e6300000, 0x00000000e6300000, 0x00000000e6400000|  0%| F|  |TAMS 0x00000000e6300000, 0x00000000e6300000| Untracked 
| 100|0x00000000e6400000, 0x00000000e6400000, 0x00000000e6500000|  0%| F|  |TAMS 0x00000000e6400000, 0x00000000e6400000| Untracked 
| 101|0x00000000e6500000, 0x00000000e6500000, 0x00000000e6600000|  0%| F|  |TAMS 0x00000000e6500000, 0x00000000e6500000| Untracked 
| 102|0x00000000e6600000, 0x00000000e6600000, 0x00000000e6700000|  0%| F|  |TAMS 0x00000000e6600000, 0x00000000e6600000| Untracked 
| 103|0x00000000e6700000, 0x00000000e6700000, 0x00000000e6800000|  0%| F|  |TAMS 0x00000000e6700000, 0x00000000e6700000| Untracked 
| 104|0x00000000e6800000, 0x00000000e6800000, 0x00000000e6900000|  0%| F|  |TAMS 0x00000000e6800000, 0x00000000e6800000| Untracked 
| 105|0x00000000e6900000, 0x00000000e6900000, 0x00000000e6a00000|  0%| F|  |TAMS 0x00000000e6900000, 0x00000000e6900000| Untracked 
| 106|0x00000000e6a00000, 0x00000000e6a00000, 0x00000000e6b00000|  0%| F|  |TAMS 0x00000000e6a00000, 0x00000000e6a00000| Untracked 
| 107|0x00000000e6b00000, 0x00000000e6b00000, 0x00000000e6c00000|  0%| F|  |TAMS 0x00000000e6b00000, 0x00000000e6b00000| Untracked 
| 108|0x00000000e6c00000, 0x00000000e6c00000, 0x00000000e6d00000|  0%| F|  |TAMS 0x00000000e6c00000, 0x00000000e6c00000| Untracked 
| 109|0x00000000e6d00000, 0x00000000e6d00000, 0x00000000e6e00000|  0%| F|  |TAMS 0x00000000e6d00000, 0x00000000e6d00000| Untracked 
| 110|0x00000000e6e00000, 0x00000000e6e00000, 0x00000000e6f00000|  0%| F|  |TAMS 0x00000000e6e00000, 0x00000000e6e00000| Untracked 
| 111|0x00000000e6f00000, 0x00000000e6f00000, 0x00000000e7000000|  0%| F|  |TAMS 0x00000000e6f00000, 0x00000000e6f00000| Untracked 
| 112|0x00000000e7000000, 0x00000000e7000000, 0x00000000e7100000|  0%| F|  |TAMS 0x00000000e7000000, 0x00000000e7000000| Untracked 
| 113|0x00000000e7100000, 0x00000000e7100000, 0x00000000e7200000|  0%| F|  |TAMS 0x00000000e7100000, 0x00000000e7100000| Untracked 
| 114|0x00000000e7200000, 0x00000000e7200000, 0x00000000e7300000|  0%| F|  |TAMS 0x00000000e7200000, 0x00000000e7200000| Untracked 
| 115|0x00000000e7300000, 0x00000000e7300000, 0x00000000e7400000|  0%| F|  |TAMS 0x00000000e7300000, 0x00000000e7300000| Untracked 
| 116|0x00000000e7400000, 0x00000000e7400000, 0x00000000e7500000|  0%| F|  |TAMS 0x00000000e7400000, 0x00000000e7400000| Untracked 
| 117|0x00000000e7500000, 0x00000000e7500000, 0x00000000e7600000|  0%| F|  |TAMS 0x00000000e7500000, 0x00000000e7500000| Untracked 
| 118|0x00000000e7600000, 0x00000000e7600000, 0x00000000e7700000|  0%| F|  |TAMS 0x00000000e7600000, 0x00000000e7600000| Untracked 
| 119|0x00000000e7700000, 0x00000000e7700000, 0x00000000e7800000|  0%| F|  |TAMS 0x00000000e7700000, 0x00000000e7700000| Untracked 
| 120|0x00000000e7800000, 0x00000000e7800000, 0x00000000e7900000|  0%| F|  |TAMS 0x00000000e7800000, 0x00000000e7800000| Untracked 
| 121|0x00000000e7900000, 0x00000000e7900000, 0x00000000e7a00000|  0%| F|  |TAMS 0x00000000e7900000, 0x00000000e7900000| Untracked 
| 122|0x00000000e7a00000, 0x00000000e7a00000, 0x00000000e7b00000|  0%| F|  |TAMS 0x00000000e7a00000, 0x00000000e7a00000| Untracked 
| 123|0x00000000e7b00000, 0x00000000e7b00000, 0x00000000e7c00000|  0%| F|  |TAMS 0x00000000e7b00000, 0x00000000e7b00000| Untracked 
| 124|0x00000000e7c00000, 0x00000000e7c00000, 0x00000000e7d00000|  0%| F|  |TAMS 0x00000000e7c00000, 0x00000000e7c00000| Untracked 
| 125|0x00000000e7d00000, 0x00000000e7d00000, 0x00000000e7e00000|  0%| F|  |TAMS 0x00000000e7d00000, 0x00000000e7d00000| Untracked 
| 126|0x00000000e7e00000, 0x00000000e7e00000, 0x00000000e7f00000|  0%| F|  |TAMS 0x00000000e7e00000, 0x00000000e7e00000| Untracked 
| 127|0x00000000e7f00000, 0x00000000e7f00000, 0x00000000e8000000|  0%| F|  |TAMS 0x00000000e7f00000, 0x00000000e7f00000| Untracked 
| 128|0x00000000e8000000, 0x00000000e8000000, 0x00000000e8100000|  0%| F|  |TAMS 0x00000000e8000000, 0x00000000e8000000| Untracked 
| 129|0x00000000e8100000, 0x00000000e8100000, 0x00000000e8200000|  0%| F|  |TAMS 0x00000000e8100000, 0x00000000e8100000| Untracked 
| 130|0x00000000e8200000, 0x00000000e8200000, 0x00000000e8300000|  0%| F|  |TAMS 0x00000000e8200000, 0x00000000e8200000| Untracked 
| 131|0x00000000e8300000, 0x00000000e8300000, 0x00000000e8400000|  0%| F|  |TAMS 0x00000000e8300000, 0x00000000e8300000| Untracked 
| 132|0x00000000e8400000, 0x00000000e84bcb60, 0x00000000e8500000| 73%| S|CS|TAMS 0x00000000e8400000, 0x00000000e8400000| Complete 
| 133|0x00000000e8500000, 0x00000000e8600000, 0x00000000e8600000|100%| S|CS|TAMS 0x00000000e8500000, 0x00000000e8500000| Complete 
| 134|0x00000000e8600000, 0x00000000e8700000, 0x00000000e8700000|100%| S|CS|TAMS 0x00000000e8600000, 0x00000000e8600000| Complete 
| 135|0x00000000e8700000, 0x00000000e8800000, 0x00000000e8800000|100%| S|CS|TAMS 0x00000000e8700000, 0x00000000e8700000| Complete 
| 136|0x00000000e8800000, 0x00000000e8900000, 0x00000000e8900000|100%| S|CS|TAMS 0x00000000e8800000, 0x00000000e8800000| Complete 
| 137|0x00000000e8900000, 0x00000000e8a00000, 0x00000000e8a00000|100%| S|CS|TAMS 0x00000000e8900000, 0x00000000e8900000| Complete 
| 138|0x00000000e8a00000, 0x00000000e8b00000, 0x00000000e8b00000|100%| S|CS|TAMS 0x00000000e8a00000, 0x00000000e8a00000| Complete 
| 139|0x00000000e8b00000, 0x00000000e8c00000, 0x00000000e8c00000|100%| S|CS|TAMS 0x00000000e8b00000, 0x00000000e8b00000| Complete 
| 140|0x00000000e8c00000, 0x00000000e8d00000, 0x00000000e8d00000|100%| S|CS|TAMS 0x00000000e8c00000, 0x00000000e8c00000| Complete 
| 141|0x00000000e8d00000, 0x00000000e8e00000, 0x00000000e8e00000|100%| S|CS|TAMS 0x00000000e8d00000, 0x00000000e8d00000| Complete 
| 142|0x00000000e8e00000, 0x00000000e8e00000, 0x00000000e8f00000|  0%| F|  |TAMS 0x00000000e8e00000, 0x00000000e8e00000| Untracked 
| 143|0x00000000e8f00000, 0x00000000e8f00000, 0x00000000e9000000|  0%| F|  |TAMS 0x00000000e8f00000, 0x00000000e8f00000| Untracked 
| 144|0x00000000e9000000, 0x00000000e9000000, 0x00000000e9100000|  0%| F|  |TAMS 0x00000000e9000000, 0x00000000e9000000| Untracked 
| 145|0x00000000e9100000, 0x00000000e9100000, 0x00000000e9200000|  0%| F|  |TAMS 0x00000000e9100000, 0x00000000e9100000| Untracked 
| 146|0x00000000e9200000, 0x00000000e9200000, 0x00000000e9300000|  0%| F|  |TAMS 0x00000000e9200000, 0x00000000e9200000| Untracked 
| 147|0x00000000e9300000, 0x00000000e9300000, 0x00000000e9400000|  0%| F|  |TAMS 0x00000000e9300000, 0x00000000e9300000| Untracked 
| 148|0x00000000e9400000, 0x00000000e9400000, 0x00000000e9500000|  0%| F|  |TAMS 0x00000000e9400000, 0x00000000e9400000| Untracked 
| 149|0x00000000e9500000, 0x00000000e9500000, 0x00000000e9600000|  0%| F|  |TAMS 0x00000000e9500000, 0x00000000e9500000| Untracked 
| 150|0x00000000e9600000, 0x00000000e9600000, 0x00000000e9700000|  0%| F|  |TAMS 0x00000000e9600000, 0x00000000e9600000| Untracked 
| 151|0x00000000e9700000, 0x00000000e9700000, 0x00000000e9800000|  0%| F|  |TAMS 0x00000000e9700000, 0x00000000e9700000| Untracked 
| 152|0x00000000e9800000, 0x00000000e9800000, 0x00000000e9900000|  0%| F|  |TAMS 0x00000000e9800000, 0x00000000e9800000| Untracked 
| 153|0x00000000e9900000, 0x00000000e9900000, 0x00000000e9a00000|  0%| F|  |TAMS 0x00000000e9900000, 0x00000000e9900000| Untracked 
| 154|0x00000000e9a00000, 0x00000000e9a00000, 0x00000000e9b00000|  0%| F|  |TAMS 0x00000000e9a00000, 0x00000000e9a00000| Untracked 
| 155|0x00000000e9b00000, 0x00000000e9b00000, 0x00000000e9c00000|  0%| F|  |TAMS 0x00000000e9b00000, 0x00000000e9b00000| Untracked 
| 156|0x00000000e9c00000, 0x00000000e9c00000, 0x00000000e9d00000|  0%| F|  |TAMS 0x00000000e9c00000, 0x00000000e9c00000| Untracked 
| 157|0x00000000e9d00000, 0x00000000e9d00000, 0x00000000e9e00000|  0%| F|  |TAMS 0x00000000e9d00000, 0x00000000e9d00000| Untracked 
| 158|0x00000000e9e00000, 0x00000000e9e00000, 0x00000000e9f00000|  0%| F|  |TAMS 0x00000000e9e00000, 0x00000000e9e00000| Untracked 
| 159|0x00000000e9f00000, 0x00000000e9f00000, 0x00000000ea000000|  0%| F|  |TAMS 0x00000000e9f00000, 0x00000000e9f00000| Untracked 
| 160|0x00000000ea000000, 0x00000000ea000000, 0x00000000ea100000|  0%| F|  |TAMS 0x00000000ea000000, 0x00000000ea000000| Untracked 
| 161|0x00000000ea100000, 0x00000000ea100000, 0x00000000ea200000|  0%| F|  |TAMS 0x00000000ea100000, 0x00000000ea100000| Untracked 
| 162|0x00000000ea200000, 0x00000000ea200000, 0x00000000ea300000|  0%| F|  |TAMS 0x00000000ea200000, 0x00000000ea200000| Untracked 
| 163|0x00000000ea300000, 0x00000000ea300000, 0x00000000ea400000|  0%| F|  |TAMS 0x00000000ea300000, 0x00000000ea300000| Untracked 
| 164|0x00000000ea400000, 0x00000000ea400000, 0x00000000ea500000|  0%| F|  |TAMS 0x00000000ea400000, 0x00000000ea400000| Untracked 
| 165|0x00000000ea500000, 0x00000000ea500000, 0x00000000ea600000|  0%| F|  |TAMS 0x00000000ea500000, 0x00000000ea500000| Untracked 
| 166|0x00000000ea600000, 0x00000000ea600000, 0x00000000ea700000|  0%| F|  |TAMS 0x00000000ea600000, 0x00000000ea600000| Untracked 
| 167|0x00000000ea700000, 0x00000000ea700000, 0x00000000ea800000|  0%| F|  |TAMS 0x00000000ea700000, 0x00000000ea700000| Untracked 
| 168|0x00000000ea800000, 0x00000000ea800000, 0x00000000ea900000|  0%| F|  |TAMS 0x00000000ea800000, 0x00000000ea800000| Untracked 
| 169|0x00000000ea900000, 0x00000000ea900000, 0x00000000eaa00000|  0%| F|  |TAMS 0x00000000ea900000, 0x00000000ea900000| Untracked 
| 170|0x00000000eaa00000, 0x00000000eaa00000, 0x00000000eab00000|  0%| F|  |TAMS 0x00000000eaa00000, 0x00000000eaa00000| Untracked 
| 171|0x00000000eab00000, 0x00000000eab00000, 0x00000000eac00000|  0%| F|  |TAMS 0x00000000eab00000, 0x00000000eab00000| Untracked 
| 172|0x00000000eac00000, 0x00000000eac00000, 0x00000000ead00000|  0%| F|  |TAMS 0x00000000eac00000, 0x00000000eac00000| Untracked 
| 173|0x00000000ead00000, 0x00000000ead00000, 0x00000000eae00000|  0%| F|  |TAMS 0x00000000ead00000, 0x00000000ead00000| Untracked 
| 174|0x00000000eae00000, 0x00000000eae00000, 0x00000000eaf00000|  0%| F|  |TAMS 0x00000000eae00000, 0x00000000eae00000| Untracked 
| 175|0x00000000eaf00000, 0x00000000eaf81560, 0x00000000eb000000| 50%| E|  |TAMS 0x00000000eaf00000, 0x00000000eaf00000| Complete 
| 176|0x00000000eb000000, 0x00000000eb100000, 0x00000000eb100000|100%| E|CS|TAMS 0x00000000eb000000, 0x00000000eb000000| Complete 
| 177|0x00000000eb100000, 0x00000000eb200000, 0x00000000eb200000|100%| E|CS|TAMS 0x00000000eb100000, 0x00000000eb100000| Complete 
| 178|0x00000000eb200000, 0x00000000eb300000, 0x00000000eb300000|100%| E|CS|TAMS 0x00000000eb200000, 0x00000000eb200000| Complete 
| 179|0x00000000eb300000, 0x00000000eb400000, 0x00000000eb400000|100%| E|CS|TAMS 0x00000000eb300000, 0x00000000eb300000| Complete 
| 180|0x00000000eb400000, 0x00000000eb500000, 0x00000000eb500000|100%| E|CS|TAMS 0x00000000eb400000, 0x00000000eb400000| Complete 
| 181|0x00000000eb500000, 0x00000000eb600000, 0x00000000eb600000|100%| E|CS|TAMS 0x00000000eb500000, 0x00000000eb500000| Complete 
| 182|0x00000000eb600000, 0x00000000eb700000, 0x00000000eb700000|100%| E|CS|TAMS 0x00000000eb600000, 0x00000000eb600000| Complete 
| 183|0x00000000eb700000, 0x00000000eb800000, 0x00000000eb800000|100%| E|CS|TAMS 0x00000000eb700000, 0x00000000eb700000| Complete 
| 184|0x00000000eb800000, 0x00000000eb900000, 0x00000000eb900000|100%| E|CS|TAMS 0x00000000eb800000, 0x00000000eb800000| Complete 
| 185|0x00000000eb900000, 0x00000000eba00000, 0x00000000eba00000|100%| E|CS|TAMS 0x00000000eb900000, 0x00000000eb900000| Complete 
| 186|0x00000000eba00000, 0x00000000ebb00000, 0x00000000ebb00000|100%| E|CS|TAMS 0x00000000eba00000, 0x00000000eba00000| Complete 
| 187|0x00000000ebb00000, 0x00000000ebc00000, 0x00000000ebc00000|100%| E|CS|TAMS 0x00000000ebb00000, 0x00000000ebb00000| Complete 
| 188|0x00000000ebc00000, 0x00000000ebd00000, 0x00000000ebd00000|100%| E|CS|TAMS 0x00000000ebc00000, 0x00000000ebc00000| Complete 
| 189|0x00000000ebd00000, 0x00000000ebe00000, 0x00000000ebe00000|100%| E|CS|TAMS 0x00000000ebd00000, 0x00000000ebd00000| Complete 
| 190|0x00000000ebe00000, 0x00000000ebf00000, 0x00000000ebf00000|100%| E|CS|TAMS 0x00000000ebe00000, 0x00000000ebe00000| Complete 
| 191|0x00000000ebf00000, 0x00000000ec000000, 0x00000000ec000000|100%| E|CS|TAMS 0x00000000ebf00000, 0x00000000ebf00000| Complete 
| 192|0x00000000ec000000, 0x00000000ec100000, 0x00000000ec100000|100%| E|CS|TAMS 0x00000000ec000000, 0x00000000ec000000| Complete 
| 193|0x00000000ec100000, 0x00000000ec200000, 0x00000000ec200000|100%| E|CS|TAMS 0x00000000ec100000, 0x00000000ec100000| Complete 
| 194|0x00000000ec200000, 0x00000000ec300000, 0x00000000ec300000|100%| E|CS|TAMS 0x00000000ec200000, 0x00000000ec200000| Complete 
| 195|0x00000000ec300000, 0x00000000ec400000, 0x00000000ec400000|100%| E|CS|TAMS 0x00000000ec300000, 0x00000000ec300000| Complete 
| 196|0x00000000ec400000, 0x00000000ec500000, 0x00000000ec500000|100%| E|CS|TAMS 0x00000000ec400000, 0x00000000ec400000| Complete 
| 197|0x00000000ec500000, 0x00000000ec600000, 0x00000000ec600000|100%| E|CS|TAMS 0x00000000ec500000, 0x00000000ec500000| Complete 
| 198|0x00000000ec600000, 0x00000000ec700000, 0x00000000ec700000|100%| E|CS|TAMS 0x00000000ec600000, 0x00000000ec600000| Complete 
| 199|0x00000000ec700000, 0x00000000ec800000, 0x00000000ec800000|100%| E|CS|TAMS 0x00000000ec700000, 0x00000000ec700000| Complete 
| 200|0x00000000ec800000, 0x00000000ec900000, 0x00000000ec900000|100%| E|CS|TAMS 0x00000000ec800000, 0x00000000ec800000| Complete 
| 201|0x00000000ec900000, 0x00000000eca00000, 0x00000000eca00000|100%| E|CS|TAMS 0x00000000ec900000, 0x00000000ec900000| Complete 
| 202|0x00000000eca00000, 0x00000000ecb00000, 0x00000000ecb00000|100%| E|CS|TAMS 0x00000000eca00000, 0x00000000eca00000| Complete 
| 203|0x00000000ecb00000, 0x00000000ecc00000, 0x00000000ecc00000|100%| E|CS|TAMS 0x00000000ecb00000, 0x00000000ecb00000| Complete 
| 204|0x00000000ecc00000, 0x00000000ecd00000, 0x00000000ecd00000|100%| E|CS|TAMS 0x00000000ecc00000, 0x00000000ecc00000| Complete 
| 205|0x00000000ecd00000, 0x00000000ece00000, 0x00000000ece00000|100%| E|CS|TAMS 0x00000000ecd00000, 0x00000000ecd00000| Complete 
| 206|0x00000000ece00000, 0x00000000ecf00000, 0x00000000ecf00000|100%| E|CS|TAMS 0x00000000ece00000, 0x00000000ece00000| Complete 
| 207|0x00000000ecf00000, 0x00000000ed000000, 0x00000000ed000000|100%| E|CS|TAMS 0x00000000ecf00000, 0x00000000ecf00000| Complete 
| 208|0x00000000ed000000, 0x00000000ed100000, 0x00000000ed100000|100%| E|CS|TAMS 0x00000000ed000000, 0x00000000ed000000| Complete 
| 209|0x00000000ed100000, 0x00000000ed200000, 0x00000000ed200000|100%| E|CS|TAMS 0x00000000ed100000, 0x00000000ed100000| Complete 
| 210|0x00000000ed200000, 0x00000000ed300000, 0x00000000ed300000|100%| E|CS|TAMS 0x00000000ed200000, 0x00000000ed200000| Complete 
| 211|0x00000000ed300000, 0x00000000ed400000, 0x00000000ed400000|100%| E|CS|TAMS 0x00000000ed300000, 0x00000000ed300000| Complete 
| 212|0x00000000ed400000, 0x00000000ed500000, 0x00000000ed500000|100%| E|CS|TAMS 0x00000000ed400000, 0x00000000ed400000| Complete 
| 213|0x00000000ed500000, 0x00000000ed600000, 0x00000000ed600000|100%| E|CS|TAMS 0x00000000ed500000, 0x00000000ed500000| Complete 
| 214|0x00000000ed600000, 0x00000000ed700000, 0x00000000ed700000|100%| E|CS|TAMS 0x00000000ed600000, 0x00000000ed600000| Complete 
| 215|0x00000000ed700000, 0x00000000ed800000, 0x00000000ed800000|100%| E|CS|TAMS 0x00000000ed700000, 0x00000000ed700000| Complete 
| 216|0x00000000ed800000, 0x00000000ed900000, 0x00000000ed900000|100%| E|CS|TAMS 0x00000000ed800000, 0x00000000ed800000| Complete 
| 217|0x00000000ed900000, 0x00000000eda00000, 0x00000000eda00000|100%| E|CS|TAMS 0x00000000ed900000, 0x00000000ed900000| Complete 
| 218|0x00000000eda00000, 0x00000000edb00000, 0x00000000edb00000|100%| E|CS|TAMS 0x00000000eda00000, 0x00000000eda00000| Complete 
| 219|0x00000000edb00000, 0x00000000edc00000, 0x00000000edc00000|100%| E|CS|TAMS 0x00000000edb00000, 0x00000000edb00000| Complete 
| 220|0x00000000edc00000, 0x00000000edd00000, 0x00000000edd00000|100%| E|CS|TAMS 0x00000000edc00000, 0x00000000edc00000| Complete 
| 221|0x00000000edd00000, 0x00000000ede00000, 0x00000000ede00000|100%| E|CS|TAMS 0x00000000edd00000, 0x00000000edd00000| Complete 
| 222|0x00000000ede00000, 0x00000000edf00000, 0x00000000edf00000|100%| E|CS|TAMS 0x00000000ede00000, 0x00000000ede00000| Complete 
| 223|0x00000000edf00000, 0x00000000ee000000, 0x00000000ee000000|100%| E|CS|TAMS 0x00000000edf00000, 0x00000000edf00000| Complete 
| 224|0x00000000ee000000, 0x00000000ee100000, 0x00000000ee100000|100%| E|CS|TAMS 0x00000000ee000000, 0x00000000ee000000| Complete 
| 225|0x00000000ee100000, 0x00000000ee200000, 0x00000000ee200000|100%| E|CS|TAMS 0x00000000ee100000, 0x00000000ee100000| Complete 
| 226|0x00000000ee200000, 0x00000000ee300000, 0x00000000ee300000|100%| E|  |TAMS 0x00000000ee200000, 0x00000000ee200000| Complete 
| 227|0x00000000ee300000, 0x00000000ee400000, 0x00000000ee400000|100%| E|CS|TAMS 0x00000000ee300000, 0x00000000ee300000| Complete 
| 228|0x00000000ee400000, 0x00000000ee500000, 0x00000000ee500000|100%| E|CS|TAMS 0x00000000ee400000, 0x00000000ee400000| Complete 
| 229|0x00000000ee500000, 0x00000000ee600000, 0x00000000ee600000|100%| E|CS|TAMS 0x00000000ee500000, 0x00000000ee500000| Complete 
| 230|0x00000000ee600000, 0x00000000ee700000, 0x00000000ee700000|100%| E|CS|TAMS 0x00000000ee600000, 0x00000000ee600000| Complete 
| 231|0x00000000ee700000, 0x00000000ee800000, 0x00000000ee800000|100%| E|CS|TAMS 0x00000000ee700000, 0x00000000ee700000| Complete 
| 232|0x00000000ee800000, 0x00000000ee900000, 0x00000000ee900000|100%| E|CS|TAMS 0x00000000ee800000, 0x00000000ee800000| Complete 
| 233|0x00000000ee900000, 0x00000000eea00000, 0x00000000eea00000|100%| E|CS|TAMS 0x00000000ee900000, 0x00000000ee900000| Complete 
| 234|0x00000000eea00000, 0x00000000eeb00000, 0x00000000eeb00000|100%| E|CS|TAMS 0x00000000eea00000, 0x00000000eea00000| Complete 
| 235|0x00000000eeb00000, 0x00000000eec00000, 0x00000000eec00000|100%| E|CS|TAMS 0x00000000eeb00000, 0x00000000eeb00000| Complete 
| 236|0x00000000eec00000, 0x00000000eed00000, 0x00000000eed00000|100%| E|CS|TAMS 0x00000000eec00000, 0x00000000eec00000| Complete 
| 237|0x00000000eed00000, 0x00000000eee00000, 0x00000000eee00000|100%| E|CS|TAMS 0x00000000eed00000, 0x00000000eed00000| Complete 
| 238|0x00000000eee00000, 0x00000000eef00000, 0x00000000eef00000|100%| E|CS|TAMS 0x00000000eee00000, 0x00000000eee00000| Complete 
| 239|0x00000000eef00000, 0x00000000ef000000, 0x00000000ef000000|100%| E|CS|TAMS 0x00000000eef00000, 0x00000000eef00000| Complete 
| 240|0x00000000ef000000, 0x00000000ef100000, 0x00000000ef100000|100%| E|CS|TAMS 0x00000000ef000000, 0x00000000ef000000| Complete 
| 241|0x00000000ef100000, 0x00000000ef200000, 0x00000000ef200000|100%| E|CS|TAMS 0x00000000ef100000, 0x00000000ef100000| Complete 
| 242|0x00000000ef200000, 0x00000000ef300000, 0x00000000ef300000|100%| E|CS|TAMS 0x00000000ef200000, 0x00000000ef200000| Complete 
| 243|0x00000000ef300000, 0x00000000ef400000, 0x00000000ef400000|100%| E|CS|TAMS 0x00000000ef300000, 0x00000000ef300000| Complete 
| 244|0x00000000ef400000, 0x00000000ef500000, 0x00000000ef500000|100%| E|CS|TAMS 0x00000000ef400000, 0x00000000ef400000| Complete 
| 245|0x00000000ef500000, 0x00000000ef600000, 0x00000000ef600000|100%| E|CS|TAMS 0x00000000ef500000, 0x00000000ef500000| Complete 
| 246|0x00000000ef600000, 0x00000000ef700000, 0x00000000ef700000|100%| E|CS|TAMS 0x00000000ef600000, 0x00000000ef600000| Complete 
| 247|0x00000000ef700000, 0x00000000ef800000, 0x00000000ef800000|100%| E|CS|TAMS 0x00000000ef700000, 0x00000000ef700000| Complete 
| 248|0x00000000ef800000, 0x00000000ef900000, 0x00000000ef900000|100%| E|CS|TAMS 0x00000000ef800000, 0x00000000ef800000| Complete 
| 249|0x00000000ef900000, 0x00000000efa00000, 0x00000000efa00000|100%| E|CS|TAMS 0x00000000ef900000, 0x00000000ef900000| Complete 
| 250|0x00000000efa00000, 0x00000000efb00000, 0x00000000efb00000|100%| E|CS|TAMS 0x00000000efa00000, 0x00000000efa00000| Complete 
| 251|0x00000000efb00000, 0x00000000efc00000, 0x00000000efc00000|100%| E|CS|TAMS 0x00000000efb00000, 0x00000000efb00000| Complete 
| 252|0x00000000efc00000, 0x00000000efd00000, 0x00000000efd00000|100%| E|CS|TAMS 0x00000000efc00000, 0x00000000efc00000| Complete 
| 253|0x00000000efd00000, 0x00000000efe00000, 0x00000000efe00000|100%| E|CS|TAMS 0x00000000efd00000, 0x00000000efd00000| Complete 
| 254|0x00000000efe00000, 0x00000000eff00000, 0x00000000eff00000|100%| E|CS|TAMS 0x00000000efe00000, 0x00000000efe00000| Complete 
| 255|0x00000000eff00000, 0x00000000f0000000, 0x00000000f0000000|100%| E|CS|TAMS 0x00000000eff00000, 0x00000000eff00000| Complete 

Card table byte_map: [0x000002297ae70000,0x000002297af70000] _byte_map_base: 0x000002297a770000

Marking Bits (Prev, Next): (CMBitMap*) 0x00000229626f27f0, (CMBitMap*) 0x00000229626f2830
 Prev Bits: [0x000002297b070000, 0x000002297b870000)
 Next Bits: [0x000002297b870000, 0x000002297c070000)

Polling page: 0x0000022962790000

Metaspace:

Usage:
  Non-class:     39.22 MB used.
      Class:      6.30 MB used.
       Both:     45.52 MB used.

Virtual space:
  Non-class space:       64.00 MB reserved,      39.50 MB ( 62%) committed,  1 nodes.
      Class space:      320.00 MB reserved,       6.50 MB (  2%) committed,  1 nodes.
             Both:      384.00 MB reserved,      46.00 MB ( 12%) committed. 

Chunk freelists:
   Non-Class:  8.11 MB
       Class:  9.48 MB
        Both:  17.59 MB

MaxMetaspaceSize: 384.00 MB
CompressedClassSpaceSize: 320.00 MB
Initial GC threshold: 21.00 MB
Current GC threshold: 58.88 MB
CDS: on
MetaspaceReclaimPolicy: balanced
 - commit_granule_bytes: 65536.
 - commit_granule_words: 8192.
 - virtual_space_node_default_size: 8388608.
 - enlarge_chunks_in_place: 1.
 - new_chunks_are_fully_committed: 0.
 - uncommit_free_chunks: 1.
 - use_allocation_guard: 0.
 - handle_deallocations: 1.


Internal statistics:

num_allocs_failed_limit: 6.
num_arena_births: 474.
num_arena_deaths: 0.
num_vsnodes_births: 2.
num_vsnodes_deaths: 0.
num_space_committed: 736.
num_space_uncommitted: 0.
num_chunks_returned_to_freelist: 6.
num_chunks_taken_from_freelist: 2193.
num_chunk_merges: 6.
num_chunk_splits: 1458.
num_chunks_enlarged: 1012.
num_inconsistent_stats: 0.

CodeHeap 'non-profiled nmethods': size=120000Kb used=2626Kb max_used=2626Kb free=117373Kb
 bounds [0x0000022973210000, 0x00000229734b0000, 0x000002297a740000]
CodeHeap 'profiled nmethods': size=120000Kb used=9987Kb max_used=9987Kb free=110012Kb
 bounds [0x000002296b740000, 0x000002296c110000, 0x0000022972c70000]
CodeHeap 'non-nmethods': size=5760Kb used=2345Kb max_used=2349Kb free=3414Kb
 bounds [0x0000022972c70000, 0x0000022972ee0000, 0x0000022973210000]
 total_blobs=5753 nmethods=4892 adapters=773
 compilation: enabled
              stopped_count=0, restarted_count=0
 full_count=0

Compilation events (20 events):
Event: 19.185 Thread 0x000002297e6779c0 nmethod 4896 0x000002296c0f6e10 code [0x000002296c0f6fa0, 0x000002296c0f70e8]
Event: 19.190 Thread 0x000002297e6779c0 4901       2       sun.nio.cs.UTF_8$Decoder::isMalformed3 (45 bytes)
Event: 19.190 Thread 0x000002297e6779c0 nmethod 4901 0x000002296c0f7190 code [0x000002296c0f7320, 0x000002296c0f7458]
Event: 19.191 Thread 0x000002297e6779c0 4902       2       java.nio.Buffer::discardMark (6 bytes)
Event: 19.191 Thread 0x000002297e6779c0 nmethod 4902 0x000002296c0f7510 code [0x000002296c0f76a0, 0x000002296c0f77b8]
Event: 19.191 Thread 0x000002297e6779c0 4903       1       java.util.zip.ZipFile$ZipFileInputStream::size (5 bytes)
Event: 19.192 Thread 0x000002297e6779c0 nmethod 4903 0x00000229734a0690 code [0x00000229734a0820, 0x00000229734a08f8]
Event: 19.196 Thread 0x000002297e6779c0 4904       2       java.lang.StringUTF16::newBytesFor (61 bytes)
Event: 19.196 Thread 0x000002297e6779c0 nmethod 4904 0x000002296c0f7890 code [0x000002296c0f7aa0, 0x000002296c0f7f08]
Event: 19.197 Thread 0x000002297e6779c0 4905       2       java.lang.StringUTF16::toBytes (34 bytes)
Event: 19.197 Thread 0x000002297e6779c0 nmethod 4905 0x000002296c0f8190 code [0x000002296c0f8340, 0x000002296c0f8508]
Event: 19.199 Thread 0x000002297e6779c0 4906   !   2       sun.nio.cs.StreamDecoder::readBytes (271 bytes)
Event: 19.200 Thread 0x000002297e6779c0 nmethod 4906 0x000002296c0f8690 code [0x000002296c0f8940, 0x000002296c0f9068]
Event: 19.200 Thread 0x000002297e6779c0 4907       2       java.nio.HeapByteBuffer::compact (85 bytes)
Event: 19.201 Thread 0x000002297e6779c0 nmethod 4907 0x000002296c0f9710 code [0x000002296c0f98c0, 0x000002296c0f9b08]
Event: 19.203 Thread 0x000002297e6779c0 4909   !   3       java.util.concurrent.ConcurrentHashMap::putVal (432 bytes)
Event: 19.205 Thread 0x000002297e6779c0 nmethod 4909 0x000002296c0f9c10 code [0x000002296c0f9f80, 0x000002296c0fbb28]
Event: 19.210 Thread 0x000002297e6779c0 4911 % !   3       java.util.concurrent.ConcurrentHashMap::transfer @ 437 (849 bytes)
Event: 19.214 Thread 0x000002297e6779c0 nmethod 4911% 0x000002296c0fc510 code [0x000002296c0fc940, 0x000002296c0ff518]
Event: 19.214 Thread 0x000002297e6779c0 4912       2       java.lang.StringUTF16::hashCode (33 bytes)

GC Heap History (10 events):
Event: 1.028 GC heap before
{Heap before GC invocations=0 (full 0):
 garbage-first heap   total 262144K, used 13312K [0x00000000e0000000, 0x0000000100000000)
  region size 1024K, 13 young (13312K), 0 survivors (0K)
 Metaspace       used 768K, committed 896K, reserved 393216K
  class space    used 61K, committed 128K, reserved 327680K
}
Event: 1.033 GC heap after
{Heap after GC invocations=1 (full 0):
 garbage-first heap   total 262144K, used 1216K [0x00000000e0000000, 0x0000000100000000)
  region size 1024K, 2 young (2048K), 2 survivors (2048K)
 Metaspace       used 768K, committed 896K, reserved 393216K
  class space    used 61K, committed 128K, reserved 327680K
}
Event: 2.877 GC heap before
{Heap before GC invocations=1 (full 0):
 garbage-first heap   total 262144K, used 23744K [0x00000000e0000000, 0x0000000100000000)
  region size 1024K, 21 young (21504K), 2 survivors (2048K)
 Metaspace       used 3076K, committed 3200K, reserved 393216K
  class space    used 379K, committed 448K, reserved 327680K
}
Event: 2.885 GC heap after
{Heap after GC invocations=2 (full 0):
 garbage-first heap   total 262144K, used 10848K [0x00000000e0000000, 0x0000000100000000)
  region size 1024K, 3 young (3072K), 3 survivors (3072K)
 Metaspace       used 3076K, committed 3200K, reserved 393216K
  class space    used 379K, committed 448K, reserved 327680K
}
Event: 11.924 GC heap before
{Heap before GC invocations=2 (full 0):
 garbage-first heap   total 262144K, used 166496K [0x00000000e0000000, 0x0000000100000000)
  region size 1024K, 153 young (156672K), 3 survivors (3072K)
 Metaspace       used 19043K, committed 19328K, reserved 393216K
  class space    used 2758K, committed 2880K, reserved 327680K
}
Event: 11.954 GC heap after
{Heap after GC invocations=3 (full 0):
 garbage-first heap   total 262144K, used 23044K [0x00000000e0000000, 0x0000000100000000)
  region size 1024K, 14 young (14336K), 14 survivors (14336K)
 Metaspace       used 19043K, committed 19328K, reserved 393216K
  class space    used 2758K, committed 2880K, reserved 327680K
}
Event: 12.536 GC heap before
{Heap before GC invocations=3 (full 0):
 garbage-first heap   total 262144K, used 41476K [0x00000000e0000000, 0x0000000100000000)
  region size 1024K, 33 young (33792K), 14 survivors (14336K)
 Metaspace       used 21158K, committed 21504K, reserved 393216K
  class space    used 3096K, committed 3264K, reserved 327680K
}
Event: 12.554 GC heap after
{Heap after GC invocations=4 (full 0):
 garbage-first heap   total 262144K, used 24616K [0x00000000e0000000, 0x0000000100000000)
  region size 1024K, 2 young (2048K), 2 survivors (2048K)
 Metaspace       used 21158K, committed 21504K, reserved 393216K
  class space    used 3096K, committed 3264K, reserved 327680K
}
Event: 17.013 GC heap before
{Heap before GC invocations=5 (full 0):
 garbage-first heap   total 262144K, used 142376K [0x00000000e0000000, 0x0000000100000000)
  region size 1024K, 114 young (116736K), 2 survivors (2048K)
 Metaspace       used 35519K, committed 35968K, reserved 393216K
  class space    used 4945K, committed 5184K, reserved 327680K
}
Event: 17.027 GC heap after
{Heap after GC invocations=6 (full 0):
 garbage-first heap   total 262144K, used 32761K [0x00000000e0000000, 0x0000000100000000)
  region size 1024K, 10 young (10240K), 10 survivors (10240K)
 Metaspace       used 35519K, committed 35968K, reserved 393216K
  class space    used 4945K, committed 5184K, reserved 327680K
}

Deoptimization events (20 events):
Event: 19.199 Thread 0x00000229194cce80 DEOPT PACKING pc=0x000002296c0f53fe sp=0x0000002ffd9f7ba0
Event: 19.199 Thread 0x00000229194cce80 DEOPT UNPACKING pc=0x0000022972cc2b43 sp=0x0000002ffd9f7010 mode 0
Event: 19.199 Thread 0x00000229194cce80 DEOPT PACKING pc=0x000002296c0f53fe sp=0x0000002ffd9f7ba0
Event: 19.199 Thread 0x00000229194cce80 DEOPT UNPACKING pc=0x0000022972cc2b43 sp=0x0000002ffd9f7010 mode 0
Event: 19.200 Thread 0x00000229194cce80 DEOPT PACKING pc=0x000002296c0f53fe sp=0x0000002ffd9f7ba0
Event: 19.200 Thread 0x00000229194cce80 DEOPT UNPACKING pc=0x0000022972cc2b43 sp=0x0000002ffd9f7010 mode 0
Event: 19.200 Thread 0x00000229194cce80 DEOPT PACKING pc=0x000002296c0f53fe sp=0x0000002ffd9f7ba0
Event: 19.200 Thread 0x00000229194cce80 DEOPT UNPACKING pc=0x0000022972cc2b43 sp=0x0000002ffd9f7010 mode 0
Event: 19.201 Thread 0x00000229194cce80 DEOPT PACKING pc=0x000002296c0f53fe sp=0x0000002ffd9f7ba0
Event: 19.201 Thread 0x00000229194cce80 DEOPT UNPACKING pc=0x0000022972cc2b43 sp=0x0000002ffd9f7010 mode 0
Event: 19.201 Thread 0x00000229194cce80 DEOPT PACKING pc=0x000002296c0f53fe sp=0x0000002ffd9f7ba0
Event: 19.201 Thread 0x00000229194cce80 DEOPT UNPACKING pc=0x0000022972cc2b43 sp=0x0000002ffd9f7010 mode 0
Event: 19.202 Thread 0x00000229194cce80 Uncommon trap: trap_request=0xffffff45 fr.pc=0x0000022973349eac relative=0x000000000000128c
Event: 19.203 Thread 0x00000229194cce80 Uncommon trap: reason=unstable_if action=reinterpret pc=0x0000022973349eac method=java.util.concurrent.ConcurrentHashMap.putVal(Ljava/lang/Object;Ljava/lang/Object;Z)Ljava/lang/Object; @ 245 c2
Event: 19.203 Thread 0x00000229194cce80 DEOPT PACKING pc=0x0000022973349eac sp=0x0000002ffd9f7d50
Event: 19.203 Thread 0x00000229194cce80 DEOPT UNPACKING pc=0x0000022972cc23a3 sp=0x0000002ffd9f7cc8 mode 2
Event: 19.209 Thread 0x00000229194cce80 Uncommon trap: trap_request=0xffffff45 fr.pc=0x00000229732ffc7c relative=0x000000000000129c
Event: 19.209 Thread 0x00000229194cce80 Uncommon trap: reason=unstable_if action=reinterpret pc=0x00000229732ffc7c method=java.util.concurrent.ConcurrentHashMap.transfer([Ljava/util/concurrent/ConcurrentHashMap$Node;[Ljava/util/concurrent/ConcurrentHashMap$Node;)V @ 352 c2
Event: 19.209 Thread 0x00000229194cce80 DEOPT PACKING pc=0x00000229732ffc7c sp=0x0000002ffd9f7bc0
Event: 19.209 Thread 0x00000229194cce80 DEOPT UNPACKING pc=0x0000022972cc23a3 sp=0x0000002ffd9f7b48 mode 2

Classes unloaded (0 events):
No events

Classes redefined (0 events):
No events

Internal exceptions (20 events):
Event: 18.081 Thread 0x00000229194cce80 Exception <a 'java/lang/ClassNotFoundException'{0x00000000edc7c200}: org/gradle/api/internal/project/ProjectScriptCustomizer> (0x00000000edc7c200) 
thrown [s\open\src\hotspot\share\classfile\systemDictionary.cpp, line 256]
Event: 18.083 Thread 0x00000229194cce80 Exception <a 'java/lang/ClassNotFoundException'{0x00000000edc940f8}: build_98shqatui86hk7i8nme2i3n3Customizer> (0x00000000edc940f8) 
thrown [s\open\src\hotspot\share\classfile\systemDictionary.cpp, line 256]
Event: 18.099 Thread 0x00000229194cce80 Exception <a 'java/lang/ClassNotFoundException'{0x00000000edcf97f0}: org/gradle/internal/metaobject/ConfigureDelegateBeanInfo> (0x00000000edcf97f0) 
thrown [s\open\src\hotspot\share\classfile\systemDictionary.cpp, line 256]
Event: 18.099 Thread 0x00000229194cce80 Exception <a 'java/lang/ClassNotFoundException'{0x00000000edb09a10}: org/gradle/internal/metaobject/ConfigureDelegateCustomizer> (0x00000000edb09a10) 
thrown [s\open\src\hotspot\share\classfile\systemDictionary.cpp, line 256]
Event: 18.112 Thread 0x00000229194cce80 Exception <a 'java/lang/ClassNotFoundException'{0x00000000edbb93d8}: org/gradle/plugin/use/internal/PluginRequestCollector$PluginDependenciesSpecImplBeanInfo> (0x00000000edbb93d8) 
thrown [s\open\src\hotspot\share\classfile\systemDictionary.cpp, line 256]
Event: 18.113 Thread 0x00000229194cce80 Exception <a 'java/lang/ClassNotFoundException'{0x00000000edbca7b0}: org/gradle/plugin/use/internal/PluginRequestCollector$PluginDependenciesSpecImplCustomizer> (0x00000000edbca7b0) 
thrown [s\open\src\hotspot\share\classfile\systemDictionary.cpp, line 256]
Event: 18.121 Thread 0x00000229194cce80 Exception <a 'java/lang/ClassNotFoundException'{0x00000000eda18c38}: org/gradle/plugin/use/internal/PluginRequestCollector$PluginDependencySpecImplBeanInfo> (0x00000000eda18c38) 
thrown [s\open\src\hotspot\share\classfile\systemDictionary.cpp, line 256]
Event: 18.123 Thread 0x00000229194cce80 Exception <a 'java/lang/ClassNotFoundException'{0x00000000eda29cc8}: org/gradle/plugin/use/internal/PluginRequestCollector$PluginDependencySpecImplCustomizer> (0x00000000eda29cc8) 
thrown [s\open\src\hotspot\share\classfile\systemDictionary.cpp, line 256]
Event: 18.443 Thread 0x00000229194cce80 Exception <a 'java/lang/NoSuchMethodError'{0x00000000ecd51fc0}: 'java.lang.Object java.lang.invoke.DirectMethodHandle$Holder.newInvokeSpecial(java.lang.Object, int, java.lang.Object)'> (0x00000000ecd51fc0) 
thrown [s\open\src\hotspot\share\interpreter\linkResolver.cpp, line 759]
Event: 18.566 Thread 0x00000229194cce80 Exception <a 'java/lang/NoSuchMethodError'{0x00000000ec643920}: 'java.lang.Object java.lang.invoke.DirectMethodHandle$Holder.newInvokeSpecial(java.lang.Object, java.lang.Object, java.lang.Object, int)'> (0x00000000ec643920) 
thrown [s\open\src\hotspot\share\interpreter\linkResolver.cpp, line 759]
Event: 18.567 Thread 0x00000229194cce80 Exception <a 'java/lang/NoSuchMethodError'{0x00000000ec648a48}: 'java.lang.Object java.lang.invoke.DirectMethodHandle$Holder.invokeSpecial(java.lang.Object, java.lang.Object, java.lang.Object, java.lang.Object, int)'> (0x00000000ec648a48) 
thrown [s\open\src\hotspot\share\interpreter\linkResolver.cpp, line 759]
Event: 18.567 Thread 0x00000229194cce80 Exception <a 'java/lang/NoSuchMethodError'{0x00000000ec64d358}: 'java.lang.Object java.lang.invoke.Invokers$Holder.linkToTargetMethod(java.lang.Object, java.lang.Object, int, java.lang.Object)'> (0x00000000ec64d358) 
thrown [s\open\src\hotspot\share\interpreter\linkResolver.cpp, line 759]
Event: 18.654 Thread 0x00000229194cce80 Exception <a 'java/lang/NoSuchMethodError'{0x00000000ec4ce208}: 'int java.lang.invoke.DirectMethodHandle$Holder.invokeSpecialIFC(java.lang.Object, java.lang.Object, java.lang.Object)'> (0x00000000ec4ce208) 
thrown [s\open\src\hotspot\share\interpreter\linkResolver.cpp, line 759]
Event: 18.770 Thread 0x00000229194cce80 Exception <a 'java/lang/NoSuchMethodError'{0x00000000ec0d8070}: 'java.lang.Object java.lang.invoke.DirectMethodHandle$Holder.newInvokeSpecial(java.lang.Object, java.lang.Object, java.lang.Object, java.lang.Object, int)'> (0x00000000ec0d8070) 
thrown [s\open\src\hotspot\share\interpreter\linkResolver.cpp, line 759]
Event: 18.770 Thread 0x00000229194cce80 Exception <a 'java/lang/NoSuchMethodError'{0x00000000ec0dd350}: 'java.lang.Object java.lang.invoke.DirectMethodHandle$Holder.invokeSpecial(java.lang.Object, java.lang.Object, java.lang.Object, java.lang.Object, java.lang.Object, int)'> (0x00000000ec0dd350) 
thrown [s\open\src\hotspot\share\interpreter\linkResolver.cpp, line 759]
Event: 18.771 Thread 0x00000229194cce80 Exception <a 'java/lang/NoSuchMethodError'{0x00000000ec0e1fe0}: 'java.lang.Object java.lang.invoke.Invokers$Holder.linkToTargetMethod(java.lang.Object, java.lang.Object, java.lang.Object, int, java.lang.Object)'> (0x00000000ec0e1fe0) 
thrown [s\open\src\hotspot\share\interpreter\linkResolver.cpp, line 759]
Event: 18.782 Thread 0x00000229194cce80 Exception <a 'java/lang/NoSuchMethodError'{0x00000000ebf41f28}: 'java.lang.Object java.lang.invoke.DirectMethodHandle$Holder.invokeSpecial(java.lang.Object, java.lang.Object, java.lang.Object, java.lang.Object, java.lang.Object, long)'> (0x00000000ebf41f28) 
thrown [s\open\src\hotspot\share\interpreter\linkResolver.cpp, line 759]
Event: 18.784 Thread 0x00000229194cce80 Exception <a 'java/lang/NoSuchMethodError'{0x00000000ebf6be20}: 'void java.lang.invoke.DirectMethodHandle$Holder.invokeStatic(java.lang.Object, java.lang.Object, java.lang.Object, int, java.lang.Object)'> (0x00000000ebf6be20) 
thrown [s\open\src\hotspot\share\interpreter\linkResolver.cpp, line 759]
Event: 18.810 Thread 0x00000229194cce80 Exception <a 'java/lang/NoSuchMethodError'{0x00000000ebeec108}: 'int java.lang.invoke.DirectMethodHandle$Holder.invokeInterface(java.lang.Object, java.lang.Object, java.lang.Object, java.lang.Object, java.lang.Object)'> (0x00000000ebeec108) 
thrown [s\open\src\hotspot\share\interpreter\linkResolver.cpp, line 759]
Event: 18.876 Thread 0x00000229194cce80 Exception <a 'sun/nio/fs/WindowsException'{0x00000000ebbda570}> (0x00000000ebbda570) 
thrown [s\open\src\hotspot\share\prims\jni.cpp, line 516]

VM Operations (20 events):
Event: 17.335 Executing VM operation: HandshakeAllThreads
Event: 17.335 Executing VM operation: HandshakeAllThreads done
Event: 17.379 Executing VM operation: HandshakeAllThreads
Event: 17.379 Executing VM operation: HandshakeAllThreads done
Event: 17.704 Executing VM operation: HandshakeAllThreads
Event: 17.704 Executing VM operation: HandshakeAllThreads done
Event: 18.082 Executing VM operation: ICBufferFull
Event: 18.082 Executing VM operation: ICBufferFull done
Event: 18.244 Executing VM operation: HandshakeAllThreads
Event: 18.244 Executing VM operation: HandshakeAllThreads done
Event: 18.839 Executing VM operation: HandshakeAllThreads
Event: 18.839 Executing VM operation: HandshakeAllThreads done
Event: 18.878 Executing VM operation: HandshakeAllThreads
Event: 18.878 Executing VM operation: HandshakeAllThreads done
Event: 18.886 Executing VM operation: HandshakeAllThreads
Event: 18.886 Executing VM operation: HandshakeAllThreads done
Event: 18.888 Executing VM operation: HandshakeAllThreads
Event: 18.888 Executing VM operation: HandshakeAllThreads done
Event: 18.956 Executing VM operation: HandshakeAllThreads
Event: 18.956 Executing VM operation: HandshakeAllThreads done

Events (20 events):
Event: 19.148 loading class javax/net/ssl/SSLParameters
Event: 19.149 loading class javax/net/ssl/SSLParameters done
Event: 19.149 loading class sun/security/ssl/SSLConfiguration$1
Event: 19.149 loading class sun/security/ssl/SSLConfiguration$1 done
Event: 19.154 loading class javax/net/ssl/SSLHandshakeException
Event: 19.154 loading class javax/net/ssl/SSLHandshakeException done
Event: 19.176 loading class java/net/ProxySelector
Event: 19.176 loading class java/net/ProxySelector done
Event: 19.176 loading class sun/net/spi/DefaultProxySelector
Event: 19.176 loading class sun/net/spi/DefaultProxySelector done
Event: 19.176 loading class java/net/Proxy
Event: 19.176 loading class java/net/Proxy done
Event: 19.177 loading class java/net/Proxy$Type
Event: 19.177 loading class java/net/Proxy$Type done
Event: 19.177 loading class sun/net/spi/DefaultProxySelector$1
Event: 19.177 loading class sun/net/spi/DefaultProxySelector$1 done
Event: 19.206 loading class java/util/concurrent/ConcurrentHashMap$TreeNode
Event: 19.207 loading class java/util/concurrent/ConcurrentHashMap$TreeNode done
Event: 19.207 loading class java/util/concurrent/ConcurrentHashMap$TreeBin
Event: 19.208 loading class java/util/concurrent/ConcurrentHashMap$TreeBin done


Dynamic libraries:
0x00007ff6edb10000 - 0x00007ff6edb20000 	C:\Program Files\Java\jdk-17\bin\java.exe
0x00007ffc09710000 - 0x00007ffc09927000 	C:\WINDOWS\SYSTEM32\ntdll.dll
0x00007ffc07450000 - 0x00007ffc07514000 	C:\WINDOWS\System32\KERNEL32.DLL
0x00007ffc06d10000 - 0x00007ffc070c9000 	C:\WINDOWS\System32\KERNELBASE.dll
0x00007ffc07310000 - 0x00007ffc07421000 	C:\WINDOWS\System32\ucrtbase.dll
0x00007ffbfb4c0000 - 0x00007ffbfb4db000 	C:\Program Files\Java\jdk-17\bin\VCRUNTIME140.dll
0x00007ffbfc590000 - 0x00007ffbfc5a9000 	C:\Program Files\Java\jdk-17\bin\jli.dll
0x00007ffc09420000 - 0x00007ffc094d2000 	C:\WINDOWS\System32\ADVAPI32.dll
0x00007ffc078f0000 - 0x00007ffc07997000 	C:\WINDOWS\System32\msvcrt.dll
0x00007ffc07d30000 - 0x00007ffc07dd7000 	C:\WINDOWS\System32\sechost.dll
0x00007ffc070d0000 - 0x00007ffc070f8000 	C:\WINDOWS\System32\bcrypt.dll
0x00007ffc092a0000 - 0x00007ffc093b4000 	C:\WINDOWS\System32\RPCRT4.dll
0x00007ffc094e0000 - 0x00007ffc0968e000 	C:\WINDOWS\System32\USER32.dll
0x00007ffbec790000 - 0x00007ffbeca22000 	C:\WINDOWS\WinSxS\amd64_microsoft.windows.common-controls_6595b64144ccf1df_6.0.22621.4391_none_2715d37f73803e96\COMCTL32.dll
0x00007ffc06b70000 - 0x00007ffc06b96000 	C:\WINDOWS\System32\win32u.dll
0x00007ffc08aa0000 - 0x00007ffc08ac9000 	C:\WINDOWS\System32\GDI32.dll
0x00007ffc071f0000 - 0x00007ffc0730b000 	C:\WINDOWS\System32\gdi32full.dll
0x00007ffc06ad0000 - 0x00007ffc06b6a000 	C:\WINDOWS\System32\msvcp_win.dll
0x00007ffbfe020000 - 0x00007ffbfe02a000 	C:\WINDOWS\SYSTEM32\VERSION.dll
0x00007ffc09000000 - 0x00007ffc09031000 	C:\WINDOWS\System32\IMM32.DLL
0x00007ffbfb5d0000 - 0x00007ffbfb5dc000 	C:\Program Files\Java\jdk-17\bin\vcruntime140_1.dll
0x00007ffbd3c80000 - 0x00007ffbd3d0e000 	C:\Program Files\Java\jdk-17\bin\msvcp140.dll
0x00007ffb3cec0000 - 0x00007ffb3da9f000 	C:\Program Files\Java\jdk-17\bin\server\jvm.dll
0x00007ffc096c0000 - 0x00007ffc096c8000 	C:\WINDOWS\System32\PSAPI.DLL
0x00007ffbdf7f0000 - 0x00007ffbdf7f9000 	C:\WINDOWS\SYSTEM32\WSOCK32.dll
0x00007ffc07f90000 - 0x00007ffc08001000 	C:\WINDOWS\System32\WS2_32.dll
0x00007ffc003a0000 - 0x00007ffc003d4000 	C:\WINDOWS\SYSTEM32\WINMM.dll
0x00007ffc05a50000 - 0x00007ffc05a68000 	C:\WINDOWS\SYSTEM32\kernel.appcore.dll
0x00007ffbfb4b0000 - 0x00007ffbfb4ba000 	C:\Program Files\Java\jdk-17\bin\jimage.dll
0x00007ffbfe8b0000 - 0x00007ffbfeae2000 	C:\WINDOWS\SYSTEM32\DBGHELP.DLL
0x00007ffc079a0000 - 0x00007ffc07d2f000 	C:\WINDOWS\System32\combase.dll
0x00007ffc091c0000 - 0x00007ffc09297000 	C:\WINDOWS\System32\OLEAUT32.dll
0x00007ffbfe300000 - 0x00007ffbfe332000 	C:\WINDOWS\SYSTEM32\dbgcore.DLL
0x00007ffc07170000 - 0x00007ffc071eb000 	C:\WINDOWS\System32\bcryptPrimitives.dll
0x00007ffbf6820000 - 0x00007ffbf682e000 	C:\Program Files\Java\jdk-17\bin\instrument.dll
0x00007ffbee5e0000 - 0x00007ffbee605000 	C:\Program Files\Java\jdk-17\bin\java.dll
0x00007ffbbf9d0000 - 0x00007ffbbfaa7000 	C:\Program Files\Java\jdk-17\bin\jsvml.dll
0x00007ffc080a0000 - 0x00007ffc08916000 	C:\WINDOWS\System32\SHELL32.dll
0x00007ffc04950000 - 0x00007ffc05253000 	C:\WINDOWS\SYSTEM32\windows.storage.dll
0x00007ffc04810000 - 0x00007ffc0494f000 	C:\WINDOWS\SYSTEM32\wintypes.dll
0x00007ffc08990000 - 0x00007ffc08a89000 	C:\WINDOWS\System32\SHCORE.dll
0x00007ffc076d0000 - 0x00007ffc0772e000 	C:\WINDOWS\System32\shlwapi.dll
0x00007ffc06940000 - 0x00007ffc0696b000 	C:\WINDOWS\SYSTEM32\profapi.dll
0x00007ffbe3dc0000 - 0x00007ffbe3dd8000 	C:\Program Files\Java\jdk-17\bin\zip.dll
0x00007ffbe8520000 - 0x00007ffbe8539000 	C:\Program Files\Java\jdk-17\bin\net.dll
0x00007ffbffa10000 - 0x00007ffbffb46000 	C:\WINDOWS\SYSTEM32\WINHTTP.dll
0x00007ffc05ed0000 - 0x00007ffc05f39000 	C:\WINDOWS\system32\mswsock.dll
0x00007ffbe3de0000 - 0x00007ffbe3df6000 	C:\Program Files\Java\jdk-17\bin\nio.dll
0x00007ffbee5d0000 - 0x00007ffbee5e0000 	C:\Program Files\Java\jdk-17\bin\verify.dll
0x00007ffbf3bb0000 - 0x00007ffbf3bd7000 	C:\Users\madyb\.gradle\native\c067742578af261105cb4f569cf0c3c89f3d7b1fecec35dd04571415982c5e48\windows-amd64\native-platform.dll
0x00007ffbb7070000 - 0x00007ffbb71b4000 	C:\Users\madyb\.gradle\native\100fb08df4bc3b14c8652ba06237920a3bd2aa13389f12d3474272988ae205f9\windows-amd64\native-platform-file-events.dll
0x00007ffbee4e0000 - 0x00007ffbee4ea000 	C:\Program Files\Java\jdk-17\bin\management.dll
0x00007ffbebbb0000 - 0x00007ffbebbbb000 	C:\Program Files\Java\jdk-17\bin\management_ext.dll
0x00007ffc06120000 - 0x00007ffc0613b000 	C:\WINDOWS\SYSTEM32\CRYPTSP.dll
0x00007ffc059b0000 - 0x00007ffc059e5000 	C:\WINDOWS\system32\rsaenh.dll
0x00007ffc05fc0000 - 0x00007ffc05fe8000 	C:\WINDOWS\SYSTEM32\USERENV.dll
0x00007ffc06140000 - 0x00007ffc0614c000 	C:\WINDOWS\SYSTEM32\CRYPTBASE.dll
0x00007ffc054c0000 - 0x00007ffc054ed000 	C:\WINDOWS\SYSTEM32\IPHLPAPI.DLL
0x00007ffc08a90000 - 0x00007ffc08a99000 	C:\WINDOWS\System32\NSI.dll
0x00007ffbff930000 - 0x00007ffbff949000 	C:\WINDOWS\SYSTEM32\dhcpcsvc6.DLL
0x00007ffbff910000 - 0x00007ffbff92f000 	C:\WINDOWS\SYSTEM32\dhcpcsvc.DLL
0x00007ffc05530000 - 0x00007ffc05632000 	C:\WINDOWS\SYSTEM32\DNSAPI.dll
0x00007ffbebba0000 - 0x00007ffbebbae000 	C:\Program Files\Java\jdk-17\bin\sunmscapi.dll
0x00007ffc06ba0000 - 0x00007ffc06d06000 	C:\WINDOWS\System32\CRYPT32.dll
0x00007ffc062e0000 - 0x00007ffc0630d000 	C:\WINDOWS\SYSTEM32\ncrypt.dll
0x00007ffc062a0000 - 0x00007ffc062d7000 	C:\WINDOWS\SYSTEM32\NTASN1.dll
0x00007ffbe1070000 - 0x00007ffbe1078000 	C:\WINDOWS\system32\wshunix.dll

dbghelp: loaded successfully - version: 4.0.5 - missing functions: none
symbol engine: initialized successfully - sym options: 0x614 - pdb path: .;C:\Program Files\Java\jdk-17\bin;C:\WINDOWS\SYSTEM32;C:\WINDOWS\WinSxS\amd64_microsoft.windows.common-controls_6595b64144ccf1df_6.0.22621.4391_none_2715d37f73803e96;C:\Program Files\Java\jdk-17\bin\server;C:\Users\madyb\.gradle\native\c067742578af261105cb4f569cf0c3c89f3d7b1fecec35dd04571415982c5e48\windows-amd64;C:\Users\madyb\.gradle\native\100fb08df4bc3b14c8652ba06237920a3bd2aa13389f12d3474272988ae205f9\windows-amd64

VM Arguments:
jvm_args: --add-opens=java.base/java.util=ALL-UNNAMED --add-opens=java.base/java.lang=ALL-UNNAMED --add-opens=java.base/java.lang.invoke=ALL-UNNAMED --add-opens=java.prefs/java.util.prefs=ALL-UNNAMED --add-exports=jdk.compiler/com.sun.tools.javac.api=ALL-UNNAMED --add-exports=jdk.compiler/com.sun.tools.javac.util=ALL-UNNAMED --add-opens=java.base/java.nio.charset=ALL-UNNAMED --add-opens=java.base/java.net=ALL-UNNAMED --add-opens=java.base/java.util.concurrent.atomic=ALL-UNNAMED -XX:MaxMetaspaceSize=384m -XX:+HeapDumpOnOutOfMemoryError -Xms256m -Xmx512m -Dfile.encoding=windows-1252 -Duser.country=US -Duser.language=en -Duser.variant -javaagent:C:\Users\madyb\.gradle\wrapper\dists\gradle-8.10.2-bin\a04bxjujx95o3nb99gddekhwo\gradle-8.10.2\lib\agents\gradle-instrumentation-agent-8.10.2.jar 
java_command: org.gradle.launcher.daemon.bootstrap.GradleDaemon 8.10.2
java_class_path (initial): C:\Users\madyb\.gradle\wrapper\dists\gradle-8.10.2-bin\a04bxjujx95o3nb99gddekhwo\gradle-8.10.2\lib\gradle-daemon-main-8.10.2.jar
Launcher Type: SUN_STANDARD

[Global flags]
     intx CICompilerCount                          = 3                                         {product} {ergonomic}
   size_t CompressedClassSpaceSize                 = 335544320                                 {product} {ergonomic}
     uint ConcGCThreads                            = 1                                         {product} {ergonomic}
     uint G1ConcRefinementThreads                  = 4                                         {product} {ergonomic}
   size_t G1HeapRegionSize                         = 1048576                                   {product} {ergonomic}
    uintx GCDrainStackTargetSize                   = 64                                        {product} {ergonomic}
     bool HeapDumpOnOutOfMemoryError               = true                                   {manageable} {command line}
   size_t InitialHeapSize                          = 268435456                                 {product} {command line}
   size_t MarkStackSize                            = 4194304                                   {product} {ergonomic}
   size_t MaxHeapSize                              = 536870912                                 {product} {command line}
   size_t MaxMetaspaceSize                         = 402653184                                 {product} {command line}
   size_t MaxNewSize                               = 321912832                                 {product} {ergonomic}
   size_t MinHeapDeltaBytes                        = 1048576                                   {product} {ergonomic}
   size_t MinHeapSize                              = 268435456                                 {product} {command line}
    uintx NonNMethodCodeHeapSize                   = 5832780                                {pd product} {ergonomic}
    uintx NonProfiledCodeHeapSize                  = 122912730                              {pd product} {ergonomic}
    uintx ProfiledCodeHeapSize                     = 122912730                              {pd product} {ergonomic}
    uintx ReservedCodeCacheSize                    = 251658240                              {pd product} {ergonomic}
     bool SegmentedCodeCache                       = true                                      {product} {ergonomic}
   size_t SoftMaxHeapSize                          = 536870912                              {manageable} {ergonomic}
     bool UseCompressedClassPointers               = true                           {product lp64_product} {ergonomic}
     bool UseCompressedOops                        = true                           {product lp64_product} {ergonomic}
     bool UseG1GC                                  = true                                      {product} {ergonomic}
     bool UseLargePagesIndividualAllocation        = false                                  {pd product} {ergonomic}

Logging:
Log output configuration:
 #0: stdout all=warning uptime,level,tags
 #1: stderr all=off uptime,level,tags

Environment Variables:
PATH=C:\Program Files\Common Files\Oracle\Java\javapath;C:\Program Files (x86)\Common Files\Oracle\Java\javapath;C:\WINDOWS\system32;C:\WINDOWS;C:\WINDOWS\System32\Wbem;C:\WINDOWS\System32\WindowsPowerShell\v1.0\;C:\WINDOWS\System32\OpenSSH\;C:\Program Files\Git\cmd;C:\Program Files\nodejs\;C:\Program Files\MySQL\MySQL Shell 8.0\bin\;C:\Users\madyb\AppData\Local\Microsoft\WindowsApps;C:\Users\madyb\AppData\Roaming\npm;C:\Users\madyb\AppData\Local\Programs\Microsoft VS Code\bin;C:\Program Files\JetBrains\IntelliJ IDEA Community Edition 2023.3.6\bin;
USERNAME=madyb
OS=Windows_NT
PROCESSOR_IDENTIFIER=AMD64 Family 23 Model 24 Stepping 1, AuthenticAMD



---------------  S Y S T E M  ---------------

OS:
 Windows 11 , 64 bit Build 22621 (10.0.22621.4391)
OS uptime: 20 days 21:22 hours

CPU: total 4 (initial active 4) (4 cores per cpu, 2 threads per core) family 23 model 24 stepping 1 microcode 0x0, cx8, cmov, fxsr, ht, mmx, 3dnowpref, sse, sse2, sse3, ssse3, sse4a, sse4.1, sse4.2, popcnt, lzcnt, tsc, tscinvbit, avx, avx2, aes, clmul, bmi1, bmi2, adx, sha, fma, vzeroupper, clflush, clflushopt

Memory: 4k page, system-wide physical 6063M (172M free)
TotalPageFile size 24495M (AvailPageFile size 4M)
current process WorkingSet (physical memory assigned to process): 353M, peak: 353M
current process commit charge ("private bytes"): 451M, peak: 452M

vm_info: Java HotSpot(TM) 64-Bit Server VM (17.0.10+11-LTS-240) for windows-amd64 JRE (17.0.10+11-LTS-240), built on Dec 19 2023 21:47:25 by "mach5one" with MS VC++ 17.1 (VS2022)

END.
