#
# There is insufficient memory for the Java Runtime Environment to continue.
# Native memory allocation (malloc) failed to allocate 2227824 bytes for Chunk::new
# Possible reasons:
#   The system is out of physical RAM or swap space
#   The process is running with CompressedOops enabled, and the Java Heap may be blocking the growth of the native heap
# Possible solutions:
#   Reduce memory load on the system
#   Increase physical memory or swap space
#   Check if swap backing store is full
#   Decrease Java heap size (-Xmx/-Xms)
#   Decrease number of Java threads
#   Decrease Java thread stack sizes (-Xss)
#   Set larger code cache with -XX:ReservedCodeCacheSize=
#   JVM is running with Unscaled Compressed Oops mode in which the Java heap is
#     placed in the first 4GB address space. The Java Heap base address is the
#     maximum limit for the native heap growth. Please use -XX:HeapBaseMinAddress
#     to set the Java Heap base and to place the Java Heap above 4GB virtual address.
# This output file may be truncated or incomplete.
#
#  Out of Memory Error (arena.cpp:189), pid=32248, tid=33612
#
# JRE version: Java(TM) SE Runtime Environment (17.0.10+11) (build 17.0.10+11-LTS-240)
# Java VM: Java HotSpot(TM) 64-Bit Server VM (17.0.10+11-LTS-240, mixed mode, sharing, tiered, compressed oops, compressed class ptrs, g1 gc, windows-amd64)
# No core dump will be written. Minidumps are not enabled by default on client versions of Windows
#

---------------  S U M M A R Y ------------

Command Line: --add-opens=java.base/java.util=ALL-UNNAMED --add-opens=java.base/java.lang=ALL-UNNAMED --add-opens=java.base/java.lang.invoke=ALL-UNNAMED --add-opens=java.prefs/java.util.prefs=ALL-UNNAMED --add-exports=jdk.compiler/com.sun.tools.javac.api=ALL-UNNAMED --add-exports=jdk.compiler/com.sun.tools.javac.util=ALL-UNNAMED --add-opens=java.base/java.nio.charset=ALL-UNNAMED --add-opens=java.base/java.net=ALL-UNNAMED --add-opens=java.base/java.util.concurrent.atomic=ALL-UNNAMED -XX:MaxMetaspaceSize=384m -XX:+HeapDumpOnOutOfMemoryError -Xms256m -Xmx512m -Dfile.encoding=windows-1252 -Duser.country=US -Duser.language=en -Duser.variant -javaagent:C:\Users\madyb\.gradle\wrapper\dists\gradle-8.10.2-bin\a04bxjujx95o3nb99gddekhwo\gradle-8.10.2\lib\agents\gradle-instrumentation-agent-8.10.2.jar org.gradle.launcher.daemon.bootstrap.GradleDaemon 8.10.2

Host: AMD Ryzen 3 3250U with Radeon Graphics         , 4 cores, 5G,  Windows 11 , 64 bit Build 22621 (10.0.22621.4391)
Time: Tue Dec 10 13:08:04 2024 Central Standard Time elapsed time: 7.216692 seconds (0d 0h 0m 7s)

---------------  T H R E A D  ---------------

Current thread (0x000001cb22cca9a0):  JavaThread "C2 CompilerThread0" daemon [_thread_in_native, id=33612, stack(0x000000b90fa00000,0x000000b90fb00000)]


Current CompileTask:
C2:   7216 2416   !   4       java.lang.ClassLoader::loadClass (121 bytes)

Stack: [0x000000b90fa00000,0x000000b90fb00000]
Native frames: (J=compiled Java code, j=interpreted, Vv=VM code, C=native code)
V  [jvm.dll+0x677a5a]
V  [jvm.dll+0x7d8b2d]
V  [jvm.dll+0x7da48e]
V  [jvm.dll+0x7daaf3]
V  [jvm.dll+0x2455ff]
V  [jvm.dll+0xaaafb]
V  [jvm.dll+0xab09c]
V  [jvm.dll+0x361bae]
V  [jvm.dll+0x1bb3ca]
V  [jvm.dll+0x217aa7]
V  [jvm.dll+0x216d81]
V  [jvm.dll+0x1a3410]
V  [jvm.dll+0x226aeb]
V  [jvm.dll+0x224cab]
V  [jvm.dll+0x78e45c]
V  [jvm.dll+0x78888a]
V  [jvm.dll+0x676935]
C  [ucrtbase.dll+0x29333]
C  [KERNEL32.DLL+0x1259d]
C  [ntdll.dll+0x5af38]


---------------  P R O C E S S  ---------------

Threads class SMR info:
_java_thread_list=0x000001cb3e41db80, length=26, elements={
0x000001cb08c44ba0, 0x000001cb22cad6a0, 0x000001cb22caf070, 0x000001cb22cc4560,
0x000001cb22cc4f20, 0x000001cb22cc58e0, 0x000001cb22cc8ce0, 0x000001cb22cca9a0,
0x000001cb22cd78b0, 0x000001cb3c022830, 0x000001cb3c0a1650, 0x000001cb3c09edd0,
0x000001cb3c09fd00, 0x000001cb3c0a1140, 0x000001cb3c0a0210, 0x000001cb3d9566d0,
0x000001cb3c0a0720, 0x000001cb3c0a1b60, 0x000001cb3c09e3b0, 0x000001cb3c583910,
0x000001cb3c581090, 0x000001cb3c586bb0, 0x000001cb3c5829e0, 0x000001cb3c584840,
0x000001cb3c5870c0, 0x000001cb3c583e20
}

Java Threads: ( => current thread )
  0x000001cb08c44ba0 JavaThread "main" [_thread_blocked, id=31132, stack(0x000000b90ed00000,0x000000b90ee00000)]
  0x000001cb22cad6a0 JavaThread "Reference Handler" daemon [_thread_blocked, id=33072, stack(0x000000b90f400000,0x000000b90f500000)]
  0x000001cb22caf070 JavaThread "Finalizer" daemon [_thread_blocked, id=1296, stack(0x000000b90f500000,0x000000b90f600000)]
  0x000001cb22cc4560 JavaThread "Signal Dispatcher" daemon [_thread_blocked, id=34596, stack(0x000000b90f600000,0x000000b90f700000)]
  0x000001cb22cc4f20 JavaThread "Attach Listener" daemon [_thread_blocked, id=34052, stack(0x000000b90f700000,0x000000b90f800000)]
  0x000001cb22cc58e0 JavaThread "Service Thread" daemon [_thread_blocked, id=11180, stack(0x000000b90f800000,0x000000b90f900000)]
  0x000001cb22cc8ce0 JavaThread "Monitor Deflation Thread" daemon [_thread_blocked, id=17312, stack(0x000000b90f900000,0x000000b90fa00000)]
=>0x000001cb22cca9a0 JavaThread "C2 CompilerThread0" daemon [_thread_in_native, id=33612, stack(0x000000b90fa00000,0x000000b90fb00000)]
  0x000001cb22cd78b0 JavaThread "C1 CompilerThread0" daemon [_thread_blocked, id=19276, stack(0x000000b90fb00000,0x000000b90fc00000)]
  0x000001cb3c022830 JavaThread "Sweeper thread" daemon [_thread_blocked, id=33292, stack(0x000000b90fc00000,0x000000b90fd00000)]
  0x000001cb3c0a1650 JavaThread "Common-Cleaner" daemon [_thread_blocked, id=34208, stack(0x000000b90fd00000,0x000000b90fe00000)]
  0x000001cb3c09edd0 JavaThread "Notification Thread" daemon [_thread_blocked, id=34064, stack(0x000000b90fe00000,0x000000b90ff00000)]
  0x000001cb3c09fd00 JavaThread "Daemon health stats" [_thread_blocked, id=23532, stack(0x000000b910300000,0x000000b910400000)]
  0x000001cb3c0a1140 JavaThread "Incoming local TCP Connector on port 55056" [_thread_in_native, id=33396, stack(0x000000b910400000,0x000000b910500000)]
  0x000001cb3c0a0210 JavaThread "Daemon periodic checks" [_thread_blocked, id=31968, stack(0x000000b910500000,0x000000b910600000)]
  0x000001cb3d9566d0 JavaThread "C2 CompilerThread1" daemon [_thread_in_native, id=34056, stack(0x000000b910600000,0x000000b910700000)]
  0x000001cb3c0a0720 JavaThread "Daemon" [_thread_blocked, id=784, stack(0x000000b910700000,0x000000b910800000)]
  0x000001cb3c0a1b60 JavaThread "Handler for socket connection from /127.0.0.1:55056 to /127.0.0.1:55057" [_thread_in_native, id=30780, stack(0x000000b910800000,0x000000b910900000)]
  0x000001cb3c09e3b0 JavaThread "Cancel handler" [_thread_blocked, id=3164, stack(0x000000b910900000,0x000000b910a00000)]
  0x000001cb3c583910 JavaThread "Daemon worker" [_thread_in_vm, id=33160, stack(0x000000b910a00000,0x000000b910b00000)]
  0x000001cb3c581090 JavaThread "Asynchronous log dispatcher for DefaultDaemonConnection: socket connection from /127.0.0.1:55056 to /127.0.0.1:55057" [_thread_blocked, id=32888, stack(0x000000b910b00000,0x000000b910c00000)]
  0x000001cb3c586bb0 JavaThread "Stdin handler" [_thread_blocked, id=24212, stack(0x000000b910c00000,0x000000b910d00000)]
  0x000001cb3c5829e0 JavaThread "Daemon client event forwarder" [_thread_blocked, id=19748, stack(0x000000b910d00000,0x000000b910e00000)]
  0x000001cb3c584840 JavaThread "Cache worker for journal cache (C:\Users\madyb\.gradle\caches\journal-1)" [_thread_blocked, id=10472, stack(0x000000b910e00000,0x000000b910f00000)]
  0x000001cb3c5870c0 JavaThread "File lock request listener" [_thread_in_native, id=33096, stack(0x000000b910f00000,0x000000b911000000)]
  0x000001cb3c583e20 JavaThread "Cache worker for file hash cache (C:\Users\madyb\.gradle\caches\8.10.2\fileHashes)" [_thread_blocked, id=21484, stack(0x000000b911000000,0x000000b911100000)]

Other Threads:
  0x000001cb22ca1cd0 VMThread "VM Thread" [stack: 0x000000b90f300000,0x000000b90f400000] [id=10892]
  0x000001cb08c7fe80 WatcherThread [stack: 0x000000b90ff00000,0x000000b910000000] [id=2152]
  0x000001cb08c73e60 GCTaskThread "GC Thread#0" [stack: 0x000000b90ee00000,0x000000b90ef00000] [id=31040]
  0x000001cb3c1f9730 GCTaskThread "GC Thread#1" [stack: 0x000000b910000000,0x000000b910100000] [id=28532]
  0x000001cb3c1f99f0 GCTaskThread "GC Thread#2" [stack: 0x000000b910100000,0x000000b910200000] [id=33764]
  0x000001cb3c38f210 GCTaskThread "GC Thread#3" [stack: 0x000000b910200000,0x000000b910300000] [id=24988]
  0x000001cb08c79b60 ConcurrentGCThread "G1 Main Marker" [stack: 0x000000b90ef00000,0x000000b90f000000] [id=1884]
  0x000001cb08c7a310 ConcurrentGCThread "G1 Conc#0" [stack: 0x000000b90f000000,0x000000b90f100000] [id=32796]
  0x000001cb22b740e0 ConcurrentGCThread "G1 Refine#0" [stack: 0x000000b90f100000,0x000000b90f200000] [id=19416]
  0x000001cb22b748b0 ConcurrentGCThread "G1 Service" [stack: 0x000000b90f200000,0x000000b90f300000] [id=29908]

Threads with active compile tasks:
C2 CompilerThread0     7258 2416   !   4       java.lang.ClassLoader::loadClass (121 bytes)
C2 CompilerThread1     7258 2476   !   4       java.net.URLClassLoader::findClass (47 bytes)

VM state: not at safepoint (normal execution)

VM Mutex/Monitor currently owned by a thread: None

Heap address: 0x00000000e0000000, size: 512 MB, Compressed Oops mode: 32-bit

CDS archive(s) mapped at: [0x000001cb23000000-0x000001cb23bd0000-0x000001cb23bd0000), size 12386304, SharedBaseAddress: 0x000001cb23000000, ArchiveRelocationMode: 1.
Compressed class space mapped at: 0x000001cb24000000-0x000001cb38000000, reserved size: 335544320
Narrow klass base: 0x000001cb23000000, Narrow klass shift: 0, Narrow klass range: 0x100000000

GC Precious Log:
 CPUs: 4 total, 4 available
 Memory: 6063M
 Large Page Support: Disabled
 NUMA Support: Disabled
 Compressed Oops: Enabled (32-bit)
 Heap Region Size: 1M
 Heap Min Capacity: 256M
 Heap Initial Capacity: 256M
 Heap Max Capacity: 512M
 Pre-touch: Disabled
 Parallel Workers: 4
 Concurrent Workers: 1
 Concurrent Refinement Workers: 4
 Periodic GC: Disabled

Heap:
 garbage-first heap   total 262144K, used 145798K [0x00000000e0000000, 0x0000000100000000)
  region size 1024K, 134 young (137216K), 3 survivors (3072K)
 Metaspace       used 16548K, committed 16832K, reserved 393216K
  class space    used 2351K, committed 2496K, reserved 327680K

Heap Regions: E=young(eden), S=young(survivor), O=old, HS=humongous(starts), HC=humongous(continues), CS=collection set, F=free, OA=open archive, CA=closed archive, TAMS=top-at-mark-start (previous, next)
|   0|0x00000000e0000000, 0x00000000e0100000, 0x00000000e0100000|100%|HS|  |TAMS 0x00000000e0000000, 0x00000000e0000000| Complete 
|   1|0x00000000e0100000, 0x00000000e0200000, 0x00000000e0200000|100%|HC|  |TAMS 0x00000000e0100000, 0x00000000e0100000| Complete 
|   2|0x00000000e0200000, 0x00000000e0300000, 0x00000000e0300000|100%|HC|  |TAMS 0x00000000e0200000, 0x00000000e0200000| Complete 
|   3|0x00000000e0300000, 0x00000000e0400000, 0x00000000e0400000|100%|HC|  |TAMS 0x00000000e0300000, 0x00000000e0300000| Complete 
|   4|0x00000000e0400000, 0x00000000e0500000, 0x00000000e0500000|100%| O|  |TAMS 0x00000000e0400000, 0x00000000e0400000| Untracked 
|   5|0x00000000e0500000, 0x00000000e0600000, 0x00000000e0600000|100%| O|  |TAMS 0x00000000e0500000, 0x00000000e0500000| Untracked 
|   6|0x00000000e0600000, 0x00000000e0700000, 0x00000000e0700000|100%| O|  |TAMS 0x00000000e0600000, 0x00000000e0600000| Untracked 
|   7|0x00000000e0700000, 0x00000000e0761a00, 0x00000000e0800000| 38%| O|  |TAMS 0x00000000e0700000, 0x00000000e0700000| Untracked 
|   8|0x00000000e0800000, 0x00000000e0900000, 0x00000000e0900000|100%|HS|  |TAMS 0x00000000e0800000, 0x00000000e0800000| Complete 
|   9|0x00000000e0900000, 0x00000000e0a00000, 0x00000000e0a00000|100%|HS|  |TAMS 0x00000000e0900000, 0x00000000e0900000| Complete 
|  10|0x00000000e0a00000, 0x00000000e0a00000, 0x00000000e0b00000|  0%| F|  |TAMS 0x00000000e0a00000, 0x00000000e0a00000| Untracked 
|  11|0x00000000e0b00000, 0x00000000e0b00000, 0x00000000e0c00000|  0%| F|  |TAMS 0x00000000e0b00000, 0x00000000e0b00000| Untracked 
|  12|0x00000000e0c00000, 0x00000000e0c00000, 0x00000000e0d00000|  0%| F|  |TAMS 0x00000000e0c00000, 0x00000000e0c00000| Untracked 
|  13|0x00000000e0d00000, 0x00000000e0d00000, 0x00000000e0e00000|  0%| F|  |TAMS 0x00000000e0d00000, 0x00000000e0d00000| Untracked 
|  14|0x00000000e0e00000, 0x00000000e0e00000, 0x00000000e0f00000|  0%| F|  |TAMS 0x00000000e0e00000, 0x00000000e0e00000| Untracked 
|  15|0x00000000e0f00000, 0x00000000e0f00000, 0x00000000e1000000|  0%| F|  |TAMS 0x00000000e0f00000, 0x00000000e0f00000| Untracked 
|  16|0x00000000e1000000, 0x00000000e1000000, 0x00000000e1100000|  0%| F|  |TAMS 0x00000000e1000000, 0x00000000e1000000| Untracked 
|  17|0x00000000e1100000, 0x00000000e1100000, 0x00000000e1200000|  0%| F|  |TAMS 0x00000000e1100000, 0x00000000e1100000| Untracked 
|  18|0x00000000e1200000, 0x00000000e1200000, 0x00000000e1300000|  0%| F|  |TAMS 0x00000000e1200000, 0x00000000e1200000| Untracked 
|  19|0x00000000e1300000, 0x00000000e1300000, 0x00000000e1400000|  0%| F|  |TAMS 0x00000000e1300000, 0x00000000e1300000| Untracked 
|  20|0x00000000e1400000, 0x00000000e1400000, 0x00000000e1500000|  0%| F|  |TAMS 0x00000000e1400000, 0x00000000e1400000| Untracked 
|  21|0x00000000e1500000, 0x00000000e1500000, 0x00000000e1600000|  0%| F|  |TAMS 0x00000000e1500000, 0x00000000e1500000| Untracked 
|  22|0x00000000e1600000, 0x00000000e1600000, 0x00000000e1700000|  0%| F|  |TAMS 0x00000000e1600000, 0x00000000e1600000| Untracked 
|  23|0x00000000e1700000, 0x00000000e1700000, 0x00000000e1800000|  0%| F|  |TAMS 0x00000000e1700000, 0x00000000e1700000| Untracked 
|  24|0x00000000e1800000, 0x00000000e1800000, 0x00000000e1900000|  0%| F|  |TAMS 0x00000000e1800000, 0x00000000e1800000| Untracked 
|  25|0x00000000e1900000, 0x00000000e1900000, 0x00000000e1a00000|  0%| F|  |TAMS 0x00000000e1900000, 0x00000000e1900000| Untracked 
|  26|0x00000000e1a00000, 0x00000000e1a00000, 0x00000000e1b00000|  0%| F|  |TAMS 0x00000000e1a00000, 0x00000000e1a00000| Untracked 
|  27|0x00000000e1b00000, 0x00000000e1b00000, 0x00000000e1c00000|  0%| F|  |TAMS 0x00000000e1b00000, 0x00000000e1b00000| Untracked 
|  28|0x00000000e1c00000, 0x00000000e1c00000, 0x00000000e1d00000|  0%| F|  |TAMS 0x00000000e1c00000, 0x00000000e1c00000| Untracked 
|  29|0x00000000e1d00000, 0x00000000e1d00000, 0x00000000e1e00000|  0%| F|  |TAMS 0x00000000e1d00000, 0x00000000e1d00000| Untracked 
|  30|0x00000000e1e00000, 0x00000000e1e00000, 0x00000000e1f00000|  0%| F|  |TAMS 0x00000000e1e00000, 0x00000000e1e00000| Untracked 
|  31|0x00000000e1f00000, 0x00000000e1f00000, 0x00000000e2000000|  0%| F|  |TAMS 0x00000000e1f00000, 0x00000000e1f00000| Untracked 
|  32|0x00000000e2000000, 0x00000000e2000000, 0x00000000e2100000|  0%| F|  |TAMS 0x00000000e2000000, 0x00000000e2000000| Untracked 
|  33|0x00000000e2100000, 0x00000000e2100000, 0x00000000e2200000|  0%| F|  |TAMS 0x00000000e2100000, 0x00000000e2100000| Untracked 
|  34|0x00000000e2200000, 0x00000000e2200000, 0x00000000e2300000|  0%| F|  |TAMS 0x00000000e2200000, 0x00000000e2200000| Untracked 
|  35|0x00000000e2300000, 0x00000000e2300000, 0x00000000e2400000|  0%| F|  |TAMS 0x00000000e2300000, 0x00000000e2300000| Untracked 
|  36|0x00000000e2400000, 0x00000000e2400000, 0x00000000e2500000|  0%| F|  |TAMS 0x00000000e2400000, 0x00000000e2400000| Untracked 
|  37|0x00000000e2500000, 0x00000000e2500000, 0x00000000e2600000|  0%| F|  |TAMS 0x00000000e2500000, 0x00000000e2500000| Untracked 
|  38|0x00000000e2600000, 0x00000000e2600000, 0x00000000e2700000|  0%| F|  |TAMS 0x00000000e2600000, 0x00000000e2600000| Untracked 
|  39|0x00000000e2700000, 0x00000000e2700000, 0x00000000e2800000|  0%| F|  |TAMS 0x00000000e2700000, 0x00000000e2700000| Untracked 
|  40|0x00000000e2800000, 0x00000000e2800000, 0x00000000e2900000|  0%| F|  |TAMS 0x00000000e2800000, 0x00000000e2800000| Untracked 
|  41|0x00000000e2900000, 0x00000000e2900000, 0x00000000e2a00000|  0%| F|  |TAMS 0x00000000e2900000, 0x00000000e2900000| Untracked 
|  42|0x00000000e2a00000, 0x00000000e2a00000, 0x00000000e2b00000|  0%| F|  |TAMS 0x00000000e2a00000, 0x00000000e2a00000| Untracked 
|  43|0x00000000e2b00000, 0x00000000e2b00000, 0x00000000e2c00000|  0%| F|  |TAMS 0x00000000e2b00000, 0x00000000e2b00000| Untracked 
|  44|0x00000000e2c00000, 0x00000000e2c00000, 0x00000000e2d00000|  0%| F|  |TAMS 0x00000000e2c00000, 0x00000000e2c00000| Untracked 
|  45|0x00000000e2d00000, 0x00000000e2d00000, 0x00000000e2e00000|  0%| F|  |TAMS 0x00000000e2d00000, 0x00000000e2d00000| Untracked 
|  46|0x00000000e2e00000, 0x00000000e2e00000, 0x00000000e2f00000|  0%| F|  |TAMS 0x00000000e2e00000, 0x00000000e2e00000| Untracked 
|  47|0x00000000e2f00000, 0x00000000e2f00000, 0x00000000e3000000|  0%| F|  |TAMS 0x00000000e2f00000, 0x00000000e2f00000| Untracked 
|  48|0x00000000e3000000, 0x00000000e3000000, 0x00000000e3100000|  0%| F|  |TAMS 0x00000000e3000000, 0x00000000e3000000| Untracked 
|  49|0x00000000e3100000, 0x00000000e3100000, 0x00000000e3200000|  0%| F|  |TAMS 0x00000000e3100000, 0x00000000e3100000| Untracked 
|  50|0x00000000e3200000, 0x00000000e3200000, 0x00000000e3300000|  0%| F|  |TAMS 0x00000000e3200000, 0x00000000e3200000| Untracked 
|  51|0x00000000e3300000, 0x00000000e3300000, 0x00000000e3400000|  0%| F|  |TAMS 0x00000000e3300000, 0x00000000e3300000| Untracked 
|  52|0x00000000e3400000, 0x00000000e3400000, 0x00000000e3500000|  0%| F|  |TAMS 0x00000000e3400000, 0x00000000e3400000| Untracked 
|  53|0x00000000e3500000, 0x00000000e3500000, 0x00000000e3600000|  0%| F|  |TAMS 0x00000000e3500000, 0x00000000e3500000| Untracked 
|  54|0x00000000e3600000, 0x00000000e3600000, 0x00000000e3700000|  0%| F|  |TAMS 0x00000000e3600000, 0x00000000e3600000| Untracked 
|  55|0x00000000e3700000, 0x00000000e3700000, 0x00000000e3800000|  0%| F|  |TAMS 0x00000000e3700000, 0x00000000e3700000| Untracked 
|  56|0x00000000e3800000, 0x00000000e3800000, 0x00000000e3900000|  0%| F|  |TAMS 0x00000000e3800000, 0x00000000e3800000| Untracked 
|  57|0x00000000e3900000, 0x00000000e3900000, 0x00000000e3a00000|  0%| F|  |TAMS 0x00000000e3900000, 0x00000000e3900000| Untracked 
|  58|0x00000000e3a00000, 0x00000000e3a00000, 0x00000000e3b00000|  0%| F|  |TAMS 0x00000000e3a00000, 0x00000000e3a00000| Untracked 
|  59|0x00000000e3b00000, 0x00000000e3b00000, 0x00000000e3c00000|  0%| F|  |TAMS 0x00000000e3b00000, 0x00000000e3b00000| Untracked 
|  60|0x00000000e3c00000, 0x00000000e3c00000, 0x00000000e3d00000|  0%| F|  |TAMS 0x00000000e3c00000, 0x00000000e3c00000| Untracked 
|  61|0x00000000e3d00000, 0x00000000e3d00000, 0x00000000e3e00000|  0%| F|  |TAMS 0x00000000e3d00000, 0x00000000e3d00000| Untracked 
|  62|0x00000000e3e00000, 0x00000000e3e00000, 0x00000000e3f00000|  0%| F|  |TAMS 0x00000000e3e00000, 0x00000000e3e00000| Untracked 
|  63|0x00000000e3f00000, 0x00000000e3f00000, 0x00000000e4000000|  0%| F|  |TAMS 0x00000000e3f00000, 0x00000000e3f00000| Untracked 
|  64|0x00000000e4000000, 0x00000000e4000000, 0x00000000e4100000|  0%| F|  |TAMS 0x00000000e4000000, 0x00000000e4000000| Untracked 
|  65|0x00000000e4100000, 0x00000000e4100000, 0x00000000e4200000|  0%| F|  |TAMS 0x00000000e4100000, 0x00000000e4100000| Untracked 
|  66|0x00000000e4200000, 0x00000000e4200000, 0x00000000e4300000|  0%| F|  |TAMS 0x00000000e4200000, 0x00000000e4200000| Untracked 
|  67|0x00000000e4300000, 0x00000000e4300000, 0x00000000e4400000|  0%| F|  |TAMS 0x00000000e4300000, 0x00000000e4300000| Untracked 
|  68|0x00000000e4400000, 0x00000000e4400000, 0x00000000e4500000|  0%| F|  |TAMS 0x00000000e4400000, 0x00000000e4400000| Untracked 
|  69|0x00000000e4500000, 0x00000000e4500000, 0x00000000e4600000|  0%| F|  |TAMS 0x00000000e4500000, 0x00000000e4500000| Untracked 
|  70|0x00000000e4600000, 0x00000000e4600000, 0x00000000e4700000|  0%| F|  |TAMS 0x00000000e4600000, 0x00000000e4600000| Untracked 
|  71|0x00000000e4700000, 0x00000000e4700000, 0x00000000e4800000|  0%| F|  |TAMS 0x00000000e4700000, 0x00000000e4700000| Untracked 
|  72|0x00000000e4800000, 0x00000000e4800000, 0x00000000e4900000|  0%| F|  |TAMS 0x00000000e4800000, 0x00000000e4800000| Untracked 
|  73|0x00000000e4900000, 0x00000000e4900000, 0x00000000e4a00000|  0%| F|  |TAMS 0x00000000e4900000, 0x00000000e4900000| Untracked 
|  74|0x00000000e4a00000, 0x00000000e4a00000, 0x00000000e4b00000|  0%| F|  |TAMS 0x00000000e4a00000, 0x00000000e4a00000| Untracked 
|  75|0x00000000e4b00000, 0x00000000e4b00000, 0x00000000e4c00000|  0%| F|  |TAMS 0x00000000e4b00000, 0x00000000e4b00000| Untracked 
|  76|0x00000000e4c00000, 0x00000000e4c00000, 0x00000000e4d00000|  0%| F|  |TAMS 0x00000000e4c00000, 0x00000000e4c00000| Untracked 
|  77|0x00000000e4d00000, 0x00000000e4d00000, 0x00000000e4e00000|  0%| F|  |TAMS 0x00000000e4d00000, 0x00000000e4d00000| Untracked 
|  78|0x00000000e4e00000, 0x00000000e4e00000, 0x00000000e4f00000|  0%| F|  |TAMS 0x00000000e4e00000, 0x00000000e4e00000| Untracked 
|  79|0x00000000e4f00000, 0x00000000e4f00000, 0x00000000e5000000|  0%| F|  |TAMS 0x00000000e4f00000, 0x00000000e4f00000| Untracked 
|  80|0x00000000e5000000, 0x00000000e5000000, 0x00000000e5100000|  0%| F|  |TAMS 0x00000000e5000000, 0x00000000e5000000| Untracked 
|  81|0x00000000e5100000, 0x00000000e5100000, 0x00000000e5200000|  0%| F|  |TAMS 0x00000000e5100000, 0x00000000e5100000| Untracked 
|  82|0x00000000e5200000, 0x00000000e5200000, 0x00000000e5300000|  0%| F|  |TAMS 0x00000000e5200000, 0x00000000e5200000| Untracked 
|  83|0x00000000e5300000, 0x00000000e5300000, 0x00000000e5400000|  0%| F|  |TAMS 0x00000000e5300000, 0x00000000e5300000| Untracked 
|  84|0x00000000e5400000, 0x00000000e5400000, 0x00000000e5500000|  0%| F|  |TAMS 0x00000000e5400000, 0x00000000e5400000| Untracked 
|  85|0x00000000e5500000, 0x00000000e5500000, 0x00000000e5600000|  0%| F|  |TAMS 0x00000000e5500000, 0x00000000e5500000| Untracked 
|  86|0x00000000e5600000, 0x00000000e5600000, 0x00000000e5700000|  0%| F|  |TAMS 0x00000000e5600000, 0x00000000e5600000| Untracked 
|  87|0x00000000e5700000, 0x00000000e5700000, 0x00000000e5800000|  0%| F|  |TAMS 0x00000000e5700000, 0x00000000e5700000| Untracked 
|  88|0x00000000e5800000, 0x00000000e5800000, 0x00000000e5900000|  0%| F|  |TAMS 0x00000000e5800000, 0x00000000e5800000| Untracked 
|  89|0x00000000e5900000, 0x00000000e5900000, 0x00000000e5a00000|  0%| F|  |TAMS 0x00000000e5900000, 0x00000000e5900000| Untracked 
|  90|0x00000000e5a00000, 0x00000000e5a00000, 0x00000000e5b00000|  0%| F|  |TAMS 0x00000000e5a00000, 0x00000000e5a00000| Untracked 
|  91|0x00000000e5b00000, 0x00000000e5b00000, 0x00000000e5c00000|  0%| F|  |TAMS 0x00000000e5b00000, 0x00000000e5b00000| Untracked 
|  92|0x00000000e5c00000, 0x00000000e5c00000, 0x00000000e5d00000|  0%| F|  |TAMS 0x00000000e5c00000, 0x00000000e5c00000| Untracked 
|  93|0x00000000e5d00000, 0x00000000e5d00000, 0x00000000e5e00000|  0%| F|  |TAMS 0x00000000e5d00000, 0x00000000e5d00000| Untracked 
|  94|0x00000000e5e00000, 0x00000000e5e00000, 0x00000000e5f00000|  0%| F|  |TAMS 0x00000000e5e00000, 0x00000000e5e00000| Untracked 
|  95|0x00000000e5f00000, 0x00000000e5f00000, 0x00000000e6000000|  0%| F|  |TAMS 0x00000000e5f00000, 0x00000000e5f00000| Untracked 
|  96|0x00000000e6000000, 0x00000000e6000000, 0x00000000e6100000|  0%| F|  |TAMS 0x00000000e6000000, 0x00000000e6000000| Untracked 
|  97|0x00000000e6100000, 0x00000000e6100000, 0x00000000e6200000|  0%| F|  |TAMS 0x00000000e6100000, 0x00000000e6100000| Untracked 
|  98|0x00000000e6200000, 0x00000000e6200000, 0x00000000e6300000|  0%| F|  |TAMS 0x00000000e6200000, 0x00000000e6200000| Untracked 
|  99|0x00000000e6300000, 0x00000000e6300000, 0x00000000e6400000|  0%| F|  |TAMS 0x00000000e6300000, 0x00000000e6300000| Untracked 
| 100|0x00000000e6400000, 0x00000000e6400000, 0x00000000e6500000|  0%| F|  |TAMS 0x00000000e6400000, 0x00000000e6400000| Untracked 
| 101|0x00000000e6500000, 0x00000000e6500000, 0x00000000e6600000|  0%| F|  |TAMS 0x00000000e6500000, 0x00000000e6500000| Untracked 
| 102|0x00000000e6600000, 0x00000000e6600000, 0x00000000e6700000|  0%| F|  |TAMS 0x00000000e6600000, 0x00000000e6600000| Untracked 
| 103|0x00000000e6700000, 0x00000000e6700000, 0x00000000e6800000|  0%| F|  |TAMS 0x00000000e6700000, 0x00000000e6700000| Untracked 
| 104|0x00000000e6800000, 0x00000000e6800000, 0x00000000e6900000|  0%| F|  |TAMS 0x00000000e6800000, 0x00000000e6800000| Untracked 
| 105|0x00000000e6900000, 0x00000000e6900000, 0x00000000e6a00000|  0%| F|  |TAMS 0x00000000e6900000, 0x00000000e6900000| Untracked 
| 106|0x00000000e6a00000, 0x00000000e6a00000, 0x00000000e6b00000|  0%| F|  |TAMS 0x00000000e6a00000, 0x00000000e6a00000| Untracked 
| 107|0x00000000e6b00000, 0x00000000e6b00000, 0x00000000e6c00000|  0%| F|  |TAMS 0x00000000e6b00000, 0x00000000e6b00000| Untracked 
| 108|0x00000000e6c00000, 0x00000000e6c00000, 0x00000000e6d00000|  0%| F|  |TAMS 0x00000000e6c00000, 0x00000000e6c00000| Untracked 
| 109|0x00000000e6d00000, 0x00000000e6d00000, 0x00000000e6e00000|  0%| F|  |TAMS 0x00000000e6d00000, 0x00000000e6d00000| Untracked 
| 110|0x00000000e6e00000, 0x00000000e6e00000, 0x00000000e6f00000|  0%| F|  |TAMS 0x00000000e6e00000, 0x00000000e6e00000| Untracked 
| 111|0x00000000e6f00000, 0x00000000e6f00000, 0x00000000e7000000|  0%| F|  |TAMS 0x00000000e6f00000, 0x00000000e6f00000| Untracked 
| 112|0x00000000e7000000, 0x00000000e7000000, 0x00000000e7100000|  0%| F|  |TAMS 0x00000000e7000000, 0x00000000e7000000| Untracked 
| 113|0x00000000e7100000, 0x00000000e7100000, 0x00000000e7200000|  0%| F|  |TAMS 0x00000000e7100000, 0x00000000e7100000| Untracked 
| 114|0x00000000e7200000, 0x00000000e7200000, 0x00000000e7300000|  0%| F|  |TAMS 0x00000000e7200000, 0x00000000e7200000| Untracked 
| 115|0x00000000e7300000, 0x00000000e7300000, 0x00000000e7400000|  0%| F|  |TAMS 0x00000000e7300000, 0x00000000e7300000| Untracked 
| 116|0x00000000e7400000, 0x00000000e7400000, 0x00000000e7500000|  0%| F|  |TAMS 0x00000000e7400000, 0x00000000e7400000| Untracked 
| 117|0x00000000e7500000, 0x00000000e7500000, 0x00000000e7600000|  0%| F|  |TAMS 0x00000000e7500000, 0x00000000e7500000| Untracked 
| 118|0x00000000e7600000, 0x00000000e7600000, 0x00000000e7700000|  0%| F|  |TAMS 0x00000000e7600000, 0x00000000e7600000| Untracked 
| 119|0x00000000e7700000, 0x00000000e7700000, 0x00000000e7800000|  0%| F|  |TAMS 0x00000000e7700000, 0x00000000e7700000| Untracked 
| 120|0x00000000e7800000, 0x00000000e7800000, 0x00000000e7900000|  0%| F|  |TAMS 0x00000000e7800000, 0x00000000e7800000| Untracked 
| 121|0x00000000e7900000, 0x00000000e7900000, 0x00000000e7a00000|  0%| F|  |TAMS 0x00000000e7900000, 0x00000000e7900000| Untracked 
| 122|0x00000000e7a00000, 0x00000000e7b00000, 0x00000000e7b00000|100%| E|  |TAMS 0x00000000e7a00000, 0x00000000e7a00000| Complete 
| 123|0x00000000e7b00000, 0x00000000e7c00000, 0x00000000e7c00000|100%| E|CS|TAMS 0x00000000e7b00000, 0x00000000e7b00000| Complete 
| 124|0x00000000e7c00000, 0x00000000e7d00000, 0x00000000e7d00000|100%| E|CS|TAMS 0x00000000e7c00000, 0x00000000e7c00000| Complete 
| 125|0x00000000e7d00000, 0x00000000e7e00000, 0x00000000e7e00000|100%| E|CS|TAMS 0x00000000e7d00000, 0x00000000e7d00000| Complete 
| 126|0x00000000e7e00000, 0x00000000e7f00000, 0x00000000e7f00000|100%| E|CS|TAMS 0x00000000e7e00000, 0x00000000e7e00000| Complete 
| 127|0x00000000e7f00000, 0x00000000e8000000, 0x00000000e8000000|100%| E|CS|TAMS 0x00000000e7f00000, 0x00000000e7f00000| Complete 
| 128|0x00000000e8000000, 0x00000000e8100000, 0x00000000e8100000|100%| E|CS|TAMS 0x00000000e8000000, 0x00000000e8000000| Complete 
| 129|0x00000000e8100000, 0x00000000e8200000, 0x00000000e8200000|100%| E|CS|TAMS 0x00000000e8100000, 0x00000000e8100000| Complete 
| 130|0x00000000e8200000, 0x00000000e8300000, 0x00000000e8300000|100%| E|CS|TAMS 0x00000000e8200000, 0x00000000e8200000| Complete 
| 131|0x00000000e8300000, 0x00000000e8400000, 0x00000000e8400000|100%| E|CS|TAMS 0x00000000e8300000, 0x00000000e8300000| Complete 
| 132|0x00000000e8400000, 0x00000000e8500000, 0x00000000e8500000|100%| E|CS|TAMS 0x00000000e8400000, 0x00000000e8400000| Complete 
| 133|0x00000000e8500000, 0x00000000e8600000, 0x00000000e8600000|100%| E|CS|TAMS 0x00000000e8500000, 0x00000000e8500000| Complete 
| 134|0x00000000e8600000, 0x00000000e8700000, 0x00000000e8700000|100%| E|CS|TAMS 0x00000000e8600000, 0x00000000e8600000| Complete 
| 135|0x00000000e8700000, 0x00000000e8800000, 0x00000000e8800000|100%| E|CS|TAMS 0x00000000e8700000, 0x00000000e8700000| Complete 
| 136|0x00000000e8800000, 0x00000000e8900000, 0x00000000e8900000|100%| E|CS|TAMS 0x00000000e8800000, 0x00000000e8800000| Complete 
| 137|0x00000000e8900000, 0x00000000e8a00000, 0x00000000e8a00000|100%| E|CS|TAMS 0x00000000e8900000, 0x00000000e8900000| Complete 
| 138|0x00000000e8a00000, 0x00000000e8b00000, 0x00000000e8b00000|100%| E|CS|TAMS 0x00000000e8a00000, 0x00000000e8a00000| Complete 
| 139|0x00000000e8b00000, 0x00000000e8c00000, 0x00000000e8c00000|100%| E|CS|TAMS 0x00000000e8b00000, 0x00000000e8b00000| Complete 
| 140|0x00000000e8c00000, 0x00000000e8d00000, 0x00000000e8d00000|100%| E|CS|TAMS 0x00000000e8c00000, 0x00000000e8c00000| Complete 
| 141|0x00000000e8d00000, 0x00000000e8e00000, 0x00000000e8e00000|100%| E|CS|TAMS 0x00000000e8d00000, 0x00000000e8d00000| Complete 
| 142|0x00000000e8e00000, 0x00000000e8f00000, 0x00000000e8f00000|100%| E|CS|TAMS 0x00000000e8e00000, 0x00000000e8e00000| Complete 
| 143|0x00000000e8f00000, 0x00000000e9000000, 0x00000000e9000000|100%| E|CS|TAMS 0x00000000e8f00000, 0x00000000e8f00000| Complete 
| 144|0x00000000e9000000, 0x00000000e9100000, 0x00000000e9100000|100%| E|CS|TAMS 0x00000000e9000000, 0x00000000e9000000| Complete 
| 145|0x00000000e9100000, 0x00000000e9200000, 0x00000000e9200000|100%| E|CS|TAMS 0x00000000e9100000, 0x00000000e9100000| Complete 
| 146|0x00000000e9200000, 0x00000000e9300000, 0x00000000e9300000|100%| E|CS|TAMS 0x00000000e9200000, 0x00000000e9200000| Complete 
| 147|0x00000000e9300000, 0x00000000e9400000, 0x00000000e9400000|100%| E|CS|TAMS 0x00000000e9300000, 0x00000000e9300000| Complete 
| 148|0x00000000e9400000, 0x00000000e9500000, 0x00000000e9500000|100%| E|CS|TAMS 0x00000000e9400000, 0x00000000e9400000| Complete 
| 149|0x00000000e9500000, 0x00000000e9600000, 0x00000000e9600000|100%| E|CS|TAMS 0x00000000e9500000, 0x00000000e9500000| Complete 
| 150|0x00000000e9600000, 0x00000000e9700000, 0x00000000e9700000|100%| E|CS|TAMS 0x00000000e9600000, 0x00000000e9600000| Complete 
| 151|0x00000000e9700000, 0x00000000e9800000, 0x00000000e9800000|100%| E|CS|TAMS 0x00000000e9700000, 0x00000000e9700000| Complete 
| 152|0x00000000e9800000, 0x00000000e9900000, 0x00000000e9900000|100%| E|CS|TAMS 0x00000000e9800000, 0x00000000e9800000| Complete 
| 153|0x00000000e9900000, 0x00000000e9a00000, 0x00000000e9a00000|100%| E|CS|TAMS 0x00000000e9900000, 0x00000000e9900000| Complete 
| 154|0x00000000e9a00000, 0x00000000e9b00000, 0x00000000e9b00000|100%| E|CS|TAMS 0x00000000e9a00000, 0x00000000e9a00000| Complete 
| 155|0x00000000e9b00000, 0x00000000e9c00000, 0x00000000e9c00000|100%| E|CS|TAMS 0x00000000e9b00000, 0x00000000e9b00000| Complete 
| 156|0x00000000e9c00000, 0x00000000e9d00000, 0x00000000e9d00000|100%| E|CS|TAMS 0x00000000e9c00000, 0x00000000e9c00000| Complete 
| 157|0x00000000e9d00000, 0x00000000e9e00000, 0x00000000e9e00000|100%| E|CS|TAMS 0x00000000e9d00000, 0x00000000e9d00000| Complete 
| 158|0x00000000e9e00000, 0x00000000e9f00000, 0x00000000e9f00000|100%| E|CS|TAMS 0x00000000e9e00000, 0x00000000e9e00000| Complete 
| 159|0x00000000e9f00000, 0x00000000ea000000, 0x00000000ea000000|100%| E|CS|TAMS 0x00000000e9f00000, 0x00000000e9f00000| Complete 
| 160|0x00000000ea000000, 0x00000000ea100000, 0x00000000ea100000|100%| E|CS|TAMS 0x00000000ea000000, 0x00000000ea000000| Complete 
| 161|0x00000000ea100000, 0x00000000ea200000, 0x00000000ea200000|100%| E|CS|TAMS 0x00000000ea100000, 0x00000000ea100000| Complete 
| 162|0x00000000ea200000, 0x00000000ea300000, 0x00000000ea300000|100%| E|CS|TAMS 0x00000000ea200000, 0x00000000ea200000| Complete 
| 163|0x00000000ea300000, 0x00000000ea400000, 0x00000000ea400000|100%| E|CS|TAMS 0x00000000ea300000, 0x00000000ea300000| Complete 
| 164|0x00000000ea400000, 0x00000000ea500000, 0x00000000ea500000|100%| E|CS|TAMS 0x00000000ea400000, 0x00000000ea400000| Complete 
| 165|0x00000000ea500000, 0x00000000ea600000, 0x00000000ea600000|100%| E|CS|TAMS 0x00000000ea500000, 0x00000000ea500000| Complete 
| 166|0x00000000ea600000, 0x00000000ea700000, 0x00000000ea700000|100%| E|CS|TAMS 0x00000000ea600000, 0x00000000ea600000| Complete 
| 167|0x00000000ea700000, 0x00000000ea800000, 0x00000000ea800000|100%| E|CS|TAMS 0x00000000ea700000, 0x00000000ea700000| Complete 
| 168|0x00000000ea800000, 0x00000000ea900000, 0x00000000ea900000|100%| E|CS|TAMS 0x00000000ea800000, 0x00000000ea800000| Complete 
| 169|0x00000000ea900000, 0x00000000eaa00000, 0x00000000eaa00000|100%| E|CS|TAMS 0x00000000ea900000, 0x00000000ea900000| Complete 
| 170|0x00000000eaa00000, 0x00000000eab00000, 0x00000000eab00000|100%| E|CS|TAMS 0x00000000eaa00000, 0x00000000eaa00000| Complete 
| 171|0x00000000eab00000, 0x00000000eac00000, 0x00000000eac00000|100%| E|CS|TAMS 0x00000000eab00000, 0x00000000eab00000| Complete 
| 172|0x00000000eac00000, 0x00000000ead00000, 0x00000000ead00000|100%| E|CS|TAMS 0x00000000eac00000, 0x00000000eac00000| Complete 
| 173|0x00000000ead00000, 0x00000000eae00000, 0x00000000eae00000|100%| E|CS|TAMS 0x00000000ead00000, 0x00000000ead00000| Complete 
| 174|0x00000000eae00000, 0x00000000eaf00000, 0x00000000eaf00000|100%| E|CS|TAMS 0x00000000eae00000, 0x00000000eae00000| Complete 
| 175|0x00000000eaf00000, 0x00000000eb000000, 0x00000000eb000000|100%| E|CS|TAMS 0x00000000eaf00000, 0x00000000eaf00000| Complete 
| 176|0x00000000eb000000, 0x00000000eb100000, 0x00000000eb100000|100%| E|CS|TAMS 0x00000000eb000000, 0x00000000eb000000| Complete 
| 177|0x00000000eb100000, 0x00000000eb200000, 0x00000000eb200000|100%| E|CS|TAMS 0x00000000eb100000, 0x00000000eb100000| Complete 
| 178|0x00000000eb200000, 0x00000000eb300000, 0x00000000eb300000|100%| E|CS|TAMS 0x00000000eb200000, 0x00000000eb200000| Complete 
| 179|0x00000000eb300000, 0x00000000eb400000, 0x00000000eb400000|100%| E|CS|TAMS 0x00000000eb300000, 0x00000000eb300000| Complete 
| 180|0x00000000eb400000, 0x00000000eb500000, 0x00000000eb500000|100%| E|CS|TAMS 0x00000000eb400000, 0x00000000eb400000| Complete 
| 181|0x00000000eb500000, 0x00000000eb600000, 0x00000000eb600000|100%| E|CS|TAMS 0x00000000eb500000, 0x00000000eb500000| Complete 
| 182|0x00000000eb600000, 0x00000000eb700000, 0x00000000eb700000|100%| E|CS|TAMS 0x00000000eb600000, 0x00000000eb600000| Complete 
| 183|0x00000000eb700000, 0x00000000eb800000, 0x00000000eb800000|100%| E|CS|TAMS 0x00000000eb700000, 0x00000000eb700000| Complete 
| 184|0x00000000eb800000, 0x00000000eb900000, 0x00000000eb900000|100%| E|CS|TAMS 0x00000000eb800000, 0x00000000eb800000| Complete 
| 185|0x00000000eb900000, 0x00000000eba00000, 0x00000000eba00000|100%| E|CS|TAMS 0x00000000eb900000, 0x00000000eb900000| Complete 
| 186|0x00000000eba00000, 0x00000000ebb00000, 0x00000000ebb00000|100%| E|CS|TAMS 0x00000000eba00000, 0x00000000eba00000| Complete 
| 187|0x00000000ebb00000, 0x00000000ebc00000, 0x00000000ebc00000|100%| E|CS|TAMS 0x00000000ebb00000, 0x00000000ebb00000| Complete 
| 188|0x00000000ebc00000, 0x00000000ebd00000, 0x00000000ebd00000|100%| E|CS|TAMS 0x00000000ebc00000, 0x00000000ebc00000| Complete 
| 189|0x00000000ebd00000, 0x00000000ebe00000, 0x00000000ebe00000|100%| E|CS|TAMS 0x00000000ebd00000, 0x00000000ebd00000| Complete 
| 190|0x00000000ebe00000, 0x00000000ebf00000, 0x00000000ebf00000|100%| E|CS|TAMS 0x00000000ebe00000, 0x00000000ebe00000| Complete 
| 191|0x00000000ebf00000, 0x00000000ec000000, 0x00000000ec000000|100%| E|CS|TAMS 0x00000000ebf00000, 0x00000000ebf00000| Complete 
| 192|0x00000000ec000000, 0x00000000ec100000, 0x00000000ec100000|100%| E|CS|TAMS 0x00000000ec000000, 0x00000000ec000000| Complete 
| 193|0x00000000ec100000, 0x00000000ec200000, 0x00000000ec200000|100%| E|CS|TAMS 0x00000000ec100000, 0x00000000ec100000| Complete 
| 194|0x00000000ec200000, 0x00000000ec300000, 0x00000000ec300000|100%| E|CS|TAMS 0x00000000ec200000, 0x00000000ec200000| Complete 
| 195|0x00000000ec300000, 0x00000000ec400000, 0x00000000ec400000|100%| E|CS|TAMS 0x00000000ec300000, 0x00000000ec300000| Complete 
| 196|0x00000000ec400000, 0x00000000ec500000, 0x00000000ec500000|100%| E|CS|TAMS 0x00000000ec400000, 0x00000000ec400000| Complete 
| 197|0x00000000ec500000, 0x00000000ec600000, 0x00000000ec600000|100%| E|CS|TAMS 0x00000000ec500000, 0x00000000ec500000| Complete 
| 198|0x00000000ec600000, 0x00000000ec700000, 0x00000000ec700000|100%| E|CS|TAMS 0x00000000ec600000, 0x00000000ec600000| Complete 
| 199|0x00000000ec700000, 0x00000000ec800000, 0x00000000ec800000|100%| E|CS|TAMS 0x00000000ec700000, 0x00000000ec700000| Complete 
| 200|0x00000000ec800000, 0x00000000ec900000, 0x00000000ec900000|100%| E|CS|TAMS 0x00000000ec800000, 0x00000000ec800000| Complete 
| 201|0x00000000ec900000, 0x00000000eca00000, 0x00000000eca00000|100%| E|CS|TAMS 0x00000000ec900000, 0x00000000ec900000| Complete 
| 202|0x00000000eca00000, 0x00000000ecb00000, 0x00000000ecb00000|100%| E|CS|TAMS 0x00000000eca00000, 0x00000000eca00000| Complete 
| 203|0x00000000ecb00000, 0x00000000ecc00000, 0x00000000ecc00000|100%| E|CS|TAMS 0x00000000ecb00000, 0x00000000ecb00000| Complete 
| 204|0x00000000ecc00000, 0x00000000ecd00000, 0x00000000ecd00000|100%| E|CS|TAMS 0x00000000ecc00000, 0x00000000ecc00000| Complete 
| 205|0x00000000ecd00000, 0x00000000ece00000, 0x00000000ece00000|100%| E|CS|TAMS 0x00000000ecd00000, 0x00000000ecd00000| Complete 
| 206|0x00000000ece00000, 0x00000000ecf00000, 0x00000000ecf00000|100%| E|CS|TAMS 0x00000000ece00000, 0x00000000ece00000| Complete 
| 207|0x00000000ecf00000, 0x00000000ed000000, 0x00000000ed000000|100%| E|CS|TAMS 0x00000000ecf00000, 0x00000000ecf00000| Complete 
| 208|0x00000000ed000000, 0x00000000ed100000, 0x00000000ed100000|100%| E|CS|TAMS 0x00000000ed000000, 0x00000000ed000000| Complete 
| 209|0x00000000ed100000, 0x00000000ed200000, 0x00000000ed200000|100%| E|CS|TAMS 0x00000000ed100000, 0x00000000ed100000| Complete 
| 210|0x00000000ed200000, 0x00000000ed300000, 0x00000000ed300000|100%| E|CS|TAMS 0x00000000ed200000, 0x00000000ed200000| Complete 
| 211|0x00000000ed300000, 0x00000000ed400000, 0x00000000ed400000|100%| E|CS|TAMS 0x00000000ed300000, 0x00000000ed300000| Complete 
| 212|0x00000000ed400000, 0x00000000ed500000, 0x00000000ed500000|100%| E|CS|TAMS 0x00000000ed400000, 0x00000000ed400000| Complete 
| 213|0x00000000ed500000, 0x00000000ed600000, 0x00000000ed600000|100%| E|CS|TAMS 0x00000000ed500000, 0x00000000ed500000| Complete 
| 214|0x00000000ed600000, 0x00000000ed700000, 0x00000000ed700000|100%| E|CS|TAMS 0x00000000ed600000, 0x00000000ed600000| Complete 
| 215|0x00000000ed700000, 0x00000000ed800000, 0x00000000ed800000|100%| E|CS|TAMS 0x00000000ed700000, 0x00000000ed700000| Complete 
| 216|0x00000000ed800000, 0x00000000ed900000, 0x00000000ed900000|100%| E|CS|TAMS 0x00000000ed800000, 0x00000000ed800000| Complete 
| 217|0x00000000ed900000, 0x00000000eda00000, 0x00000000eda00000|100%| E|CS|TAMS 0x00000000ed900000, 0x00000000ed900000| Complete 
| 218|0x00000000eda00000, 0x00000000edb00000, 0x00000000edb00000|100%| E|CS|TAMS 0x00000000eda00000, 0x00000000eda00000| Complete 
| 219|0x00000000edb00000, 0x00000000edc00000, 0x00000000edc00000|100%| E|CS|TAMS 0x00000000edb00000, 0x00000000edb00000| Complete 
| 220|0x00000000edc00000, 0x00000000edd00000, 0x00000000edd00000|100%| E|CS|TAMS 0x00000000edc00000, 0x00000000edc00000| Complete 
| 221|0x00000000edd00000, 0x00000000ede00000, 0x00000000ede00000|100%| E|CS|TAMS 0x00000000edd00000, 0x00000000edd00000| Complete 
| 222|0x00000000ede00000, 0x00000000edf00000, 0x00000000edf00000|100%| E|CS|TAMS 0x00000000ede00000, 0x00000000ede00000| Complete 
| 223|0x00000000edf00000, 0x00000000ee000000, 0x00000000ee000000|100%| E|CS|TAMS 0x00000000edf00000, 0x00000000edf00000| Complete 
| 224|0x00000000ee000000, 0x00000000ee100000, 0x00000000ee100000|100%| E|CS|TAMS 0x00000000ee000000, 0x00000000ee000000| Complete 
| 225|0x00000000ee100000, 0x00000000ee200000, 0x00000000ee200000|100%| E|CS|TAMS 0x00000000ee100000, 0x00000000ee100000| Complete 
| 226|0x00000000ee200000, 0x00000000ee300000, 0x00000000ee300000|100%| E|CS|TAMS 0x00000000ee200000, 0x00000000ee200000| Complete 
| 227|0x00000000ee300000, 0x00000000ee400000, 0x00000000ee400000|100%| E|CS|TAMS 0x00000000ee300000, 0x00000000ee300000| Complete 
| 228|0x00000000ee400000, 0x00000000ee500000, 0x00000000ee500000|100%| E|CS|TAMS 0x00000000ee400000, 0x00000000ee400000| Complete 
| 229|0x00000000ee500000, 0x00000000ee600000, 0x00000000ee600000|100%| E|CS|TAMS 0x00000000ee500000, 0x00000000ee500000| Complete 
| 230|0x00000000ee600000, 0x00000000ee700000, 0x00000000ee700000|100%| E|CS|TAMS 0x00000000ee600000, 0x00000000ee600000| Complete 
| 231|0x00000000ee700000, 0x00000000ee800000, 0x00000000ee800000|100%| E|CS|TAMS 0x00000000ee700000, 0x00000000ee700000| Complete 
| 232|0x00000000ee800000, 0x00000000ee900000, 0x00000000ee900000|100%| S|CS|TAMS 0x00000000ee800000, 0x00000000ee800000| Complete 
| 233|0x00000000ee900000, 0x00000000eea00000, 0x00000000eea00000|100%| S|CS|TAMS 0x00000000ee900000, 0x00000000ee900000| Complete 
| 234|0x00000000eea00000, 0x00000000eeb00000, 0x00000000eeb00000|100%| S|CS|TAMS 0x00000000eea00000, 0x00000000eea00000| Complete 
| 235|0x00000000eeb00000, 0x00000000eec00000, 0x00000000eec00000|100%| E|CS|TAMS 0x00000000eeb00000, 0x00000000eeb00000| Complete 
| 236|0x00000000eec00000, 0x00000000eed00000, 0x00000000eed00000|100%| E|CS|TAMS 0x00000000eec00000, 0x00000000eec00000| Complete 
| 237|0x00000000eed00000, 0x00000000eee00000, 0x00000000eee00000|100%| E|CS|TAMS 0x00000000eed00000, 0x00000000eed00000| Complete 
| 238|0x00000000eee00000, 0x00000000eef00000, 0x00000000eef00000|100%| E|CS|TAMS 0x00000000eee00000, 0x00000000eee00000| Complete 
| 239|0x00000000eef00000, 0x00000000ef000000, 0x00000000ef000000|100%| E|CS|TAMS 0x00000000eef00000, 0x00000000eef00000| Complete 
| 240|0x00000000ef000000, 0x00000000ef100000, 0x00000000ef100000|100%| E|CS|TAMS 0x00000000ef000000, 0x00000000ef000000| Complete 
| 241|0x00000000ef100000, 0x00000000ef200000, 0x00000000ef200000|100%| E|CS|TAMS 0x00000000ef100000, 0x00000000ef100000| Complete 
| 242|0x00000000ef200000, 0x00000000ef300000, 0x00000000ef300000|100%| E|CS|TAMS 0x00000000ef200000, 0x00000000ef200000| Complete 
| 243|0x00000000ef300000, 0x00000000ef400000, 0x00000000ef400000|100%| E|CS|TAMS 0x00000000ef300000, 0x00000000ef300000| Complete 
| 244|0x00000000ef400000, 0x00000000ef500000, 0x00000000ef500000|100%| E|CS|TAMS 0x00000000ef400000, 0x00000000ef400000| Complete 
| 245|0x00000000ef500000, 0x00000000ef600000, 0x00000000ef600000|100%| E|CS|TAMS 0x00000000ef500000, 0x00000000ef500000| Complete 
| 246|0x00000000ef600000, 0x00000000ef700000, 0x00000000ef700000|100%| E|CS|TAMS 0x00000000ef600000, 0x00000000ef600000| Complete 
| 247|0x00000000ef700000, 0x00000000ef800000, 0x00000000ef800000|100%| E|CS|TAMS 0x00000000ef700000, 0x00000000ef700000| Complete 
| 248|0x00000000ef800000, 0x00000000ef900000, 0x00000000ef900000|100%| E|CS|TAMS 0x00000000ef800000, 0x00000000ef800000| Complete 
| 249|0x00000000ef900000, 0x00000000efa00000, 0x00000000efa00000|100%| E|CS|TAMS 0x00000000ef900000, 0x00000000ef900000| Complete 
| 250|0x00000000efa00000, 0x00000000efb00000, 0x00000000efb00000|100%| E|CS|TAMS 0x00000000efa00000, 0x00000000efa00000| Complete 
| 251|0x00000000efb00000, 0x00000000efc00000, 0x00000000efc00000|100%| E|CS|TAMS 0x00000000efb00000, 0x00000000efb00000| Complete 
| 252|0x00000000efc00000, 0x00000000efd00000, 0x00000000efd00000|100%| E|CS|TAMS 0x00000000efc00000, 0x00000000efc00000| Complete 
| 253|0x00000000efd00000, 0x00000000efe00000, 0x00000000efe00000|100%| E|CS|TAMS 0x00000000efd00000, 0x00000000efd00000| Complete 
| 254|0x00000000efe00000, 0x00000000eff00000, 0x00000000eff00000|100%| E|CS|TAMS 0x00000000efe00000, 0x00000000efe00000| Complete 
| 255|0x00000000eff00000, 0x00000000f0000000, 0x00000000f0000000|100%| E|CS|TAMS 0x00000000eff00000, 0x00000000eff00000| Complete 

Card table byte_map: [0x000001cb1f4f0000,0x000001cb1f5f0000] _byte_map_base: 0x000001cb1edf0000

Marking Bits (Prev, Next): (CMBitMap*) 0x000001cb08c75230, (CMBitMap*) 0x000001cb08c75270
 Prev Bits: [0x000001cb1f6f0000, 0x000001cb1fef0000)
 Next Bits: [0x000001cb1fef0000, 0x000001cb206f0000)

Polling page: 0x000001cb08410000

Metaspace:

Usage:
  Non-class:     13.89 MB used.
      Class:      2.31 MB used.
       Both:     16.19 MB used.

Virtual space:
  Non-class space:       64.00 MB reserved,      14.06 MB ( 22%) committed,  1 nodes.
      Class space:      320.00 MB reserved,       2.44 MB ( <1%) committed,  1 nodes.
             Both:      384.00 MB reserved,      16.50 MB (  4%) committed. 

Chunk freelists:
   Non-Class:  1.66 MB
       Class:  13.58 MB
        Both:  15.23 MB

MaxMetaspaceSize: 384.00 MB
CompressedClassSpaceSize: 320.00 MB
Initial GC threshold: 21.00 MB
Current GC threshold: 21.00 MB
CDS: on
MetaspaceReclaimPolicy: balanced
 - commit_granule_bytes: 65536.
 - commit_granule_words: 8192.
 - virtual_space_node_default_size: 8388608.
 - enlarge_chunks_in_place: 1.
 - new_chunks_are_fully_committed: 0.
 - uncommit_free_chunks: 1.
 - use_allocation_guard: 0.
 - handle_deallocations: 1.


Internal statistics:

num_allocs_failed_limit: 0.
num_arena_births: 190.
num_arena_deaths: 0.
num_vsnodes_births: 2.
num_vsnodes_deaths: 0.
num_space_committed: 264.
num_space_uncommitted: 0.
num_chunks_returned_to_freelist: 0.
num_chunks_taken_from_freelist: 731.
num_chunk_merges: 0.
num_chunk_splits: 494.
num_chunks_enlarged: 371.
num_inconsistent_stats: 0.

CodeHeap 'non-profiled nmethods': size=120000Kb used=1212Kb max_used=1212Kb free=118787Kb
 bounds [0x000001cb17fc0000, 0x000001cb18230000, 0x000001cb1f4f0000]
CodeHeap 'profiled nmethods': size=120000Kb used=5048Kb max_used=5048Kb free=114951Kb
 bounds [0x000001cb104f0000, 0x000001cb109e0000, 0x000001cb17a20000]
CodeHeap 'non-nmethods': size=5760Kb used=1229Kb max_used=1261Kb free=4530Kb
 bounds [0x000001cb17a20000, 0x000001cb17c90000, 0x000001cb17fc0000]
 total_blobs=3025 nmethods=2490 adapters=447
 compilation: enabled
              stopped_count=0, restarted_count=0
 full_count=0

Compilation events (20 events):
Event: 7.113 Thread 0x000001cb22cd78b0 2481       3       com.google.common.io.BaseEncoding$Alphabet::encode (7 bytes)
Event: 7.113 Thread 0x000001cb22cd78b0 nmethod 2481 0x000001cb109d4690 code [0x000001cb109d4820, 0x000001cb109d4958]
Event: 7.137 Thread 0x000001cb22cd78b0 2482       1       sun.reflect.generics.repository.AbstractRepository::getFactory (5 bytes)
Event: 7.137 Thread 0x000001cb22cd78b0 nmethod 2482 0x000001cb180eeb90 code [0x000001cb180eed20, 0x000001cb180eedf8]
Event: 7.138 Thread 0x000001cb22cd78b0 2484       3       org.gradle.internal.service.DefaultServiceRegistry::isAssignableFromAnyType (41 bytes)
Event: 7.138 Thread 0x000001cb22cd78b0 nmethod 2484 0x000001cb109d4a10 code [0x000001cb109d4c00, 0x000001cb109d5198]
Event: 7.138 Thread 0x000001cb22cd78b0 2483       3       org.gradle.internal.service.DefaultServiceRegistry::access$1500 (6 bytes)
Event: 7.138 Thread 0x000001cb22cd78b0 nmethod 2483 0x000001cb109d5390 code [0x000001cb109d5520, 0x000001cb109d5628]
Event: 7.138 Thread 0x000001cb22cd78b0 2485       3       org.gradle.internal.service.DefaultServiceRegistry$SingletonService::getAll (38 bytes)
Event: 7.139 Thread 0x000001cb22cd78b0 nmethod 2485 0x000001cb109d5710 code [0x000001cb109d5900, 0x000001cb109d5d38]
Event: 7.148 Thread 0x000001cb22cd78b0 2487       3       sun.nio.fs.WindowsPath::elementAsString (62 bytes)
Event: 7.149 Thread 0x000001cb22cd78b0 nmethod 2487 0x000001cb109d5f10 code [0x000001cb109d6120, 0x000001cb109d65c8]
Event: 7.154 Thread 0x000001cb22cd78b0 2488   !   3       org.gradle.internal.classloader.TransformingClassLoader::findClass (203 bytes)
Event: 7.157 Thread 0x000001cb22cd78b0 nmethod 2488 0x000001cb109d6910 code [0x000001cb109d6de0, 0x000001cb109d91d8]
Event: 7.157 Thread 0x000001cb22cd78b0 2489       3       org.gradle.initialization.MixInLegacyTypesClassLoader::shouldTransform (42 bytes)
Event: 7.157 Thread 0x000001cb22cd78b0 nmethod 2489 0x000001cb109da190 code [0x000001cb109da360, 0x000001cb109da758]
Event: 7.206 Thread 0x000001cb22cd78b0 2491       3       sun.reflect.annotation.AnnotationParser$$Lambda$31/0x000001cb24053270::get (16 bytes)
Event: 7.206 Thread 0x000001cb22cd78b0 nmethod 2491 0x000001cb109da910 code [0x000001cb109daac0, 0x000001cb109dac68]
Event: 7.210 Thread 0x000001cb22cd78b0 2492       3       java.util.HashMap::put (13 bytes)
Event: 7.211 Thread 0x000001cb22cd78b0 nmethod 2492 0x000001cb109dad10 code [0x000001cb109daec0, 0x000001cb109db1b8]

GC Heap History (4 events):
Event: 0.621 GC heap before
{Heap before GC invocations=0 (full 0):
 garbage-first heap   total 262144K, used 13312K [0x00000000e0000000, 0x0000000100000000)
  region size 1024K, 13 young (13312K), 0 survivors (0K)
 Metaspace       used 768K, committed 896K, reserved 393216K
  class space    used 61K, committed 128K, reserved 327680K
}
Event: 0.624 GC heap after
{Heap after GC invocations=1 (full 0):
 garbage-first heap   total 262144K, used 1248K [0x00000000e0000000, 0x0000000100000000)
  region size 1024K, 2 young (2048K), 2 survivors (2048K)
 Metaspace       used 768K, committed 896K, reserved 393216K
  class space    used 61K, committed 128K, reserved 327680K
}
Event: 1.652 GC heap before
{Heap before GC invocations=1 (full 0):
 garbage-first heap   total 262144K, used 23776K [0x00000000e0000000, 0x0000000100000000)
  region size 1024K, 21 young (21504K), 2 survivors (2048K)
 Metaspace       used 3108K, committed 3264K, reserved 393216K
  class space    used 383K, committed 448K, reserved 327680K
}
Event: 1.657 GC heap after
{Heap after GC invocations=2 (full 0):
 garbage-first heap   total 262144K, used 10630K [0x00000000e0000000, 0x0000000100000000)
  region size 1024K, 3 young (3072K), 3 survivors (3072K)
 Metaspace       used 3108K, committed 3264K, reserved 393216K
  class space    used 383K, committed 448K, reserved 327680K
}

Deoptimization events (20 events):
Event: 6.651 Thread 0x000001cb3c583910 Uncommon trap: trap_request=0xffffff45 fr.pc=0x000001cb180a4d74 relative=0x0000000000000074
Event: 6.651 Thread 0x000001cb3c583910 Uncommon trap: reason=unstable_if action=reinterpret pc=0x000001cb180a4d74 method=jdk.internal.misc.Unsafe.convEndian(ZI)I @ 4 c2
Event: 6.651 Thread 0x000001cb3c583910 DEOPT PACKING pc=0x000001cb180a4d74 sp=0x000000b910afa9e0
Event: 6.651 Thread 0x000001cb3c583910 DEOPT UNPACKING pc=0x000001cb17a723a3 sp=0x000000b910afa910 mode 2
Event: 6.758 Thread 0x000001cb3c583910 Uncommon trap: trap_request=0xffffff45 fr.pc=0x000001cb18059810 relative=0x0000000000000a90
Event: 6.758 Thread 0x000001cb3c583910 Uncommon trap: reason=unstable_if action=reinterpret pc=0x000001cb18059810 method=java.io.WinNTFileSystem.resolve(Ljava/lang/String;Ljava/lang/String;)Ljava/lang/String; @ 19 c2
Event: 6.758 Thread 0x000001cb3c583910 DEOPT PACKING pc=0x000001cb18059810 sp=0x000000b910afae30
Event: 6.758 Thread 0x000001cb3c583910 DEOPT UNPACKING pc=0x000001cb17a723a3 sp=0x000000b910afadd8 mode 2
Event: 6.760 Thread 0x000001cb3c583910 Uncommon trap: trap_request=0xffffff45 fr.pc=0x000001cb18048708 relative=0x00000000000005c8
Event: 6.760 Thread 0x000001cb3c583910 Uncommon trap: reason=unstable_if action=reinterpret pc=0x000001cb18048708 method=java.io.File.getName()Ljava/lang/String; @ 16 c2
Event: 6.760 Thread 0x000001cb3c583910 DEOPT PACKING pc=0x000001cb18048708 sp=0x000000b910afade0
Event: 6.760 Thread 0x000001cb3c583910 DEOPT UNPACKING pc=0x000001cb17a723a3 sp=0x000000b910afadb0 mode 2
Event: 6.831 Thread 0x000001cb3c583910 Uncommon trap: trap_request=0xffffff45 fr.pc=0x000001cb17fee0f8 relative=0x00000000000000d8
Event: 6.831 Thread 0x000001cb3c583910 Uncommon trap: reason=unstable_if action=reinterpret pc=0x000001cb17fee0f8 method=java.util.HashMap.hash(Ljava/lang/Object;)I @ 1 c2
Event: 6.831 Thread 0x000001cb3c583910 DEOPT PACKING pc=0x000001cb17fee0f8 sp=0x000000b910afbdf0
Event: 6.831 Thread 0x000001cb3c583910 DEOPT UNPACKING pc=0x000001cb17a723a3 sp=0x000000b910afbd30 mode 2
Event: 6.870 Thread 0x000001cb3c583910 Uncommon trap: trap_request=0xffffff45 fr.pc=0x000001cb1806a0f8 relative=0x0000000000000758
Event: 6.870 Thread 0x000001cb3c583910 Uncommon trap: reason=unstable_if action=reinterpret pc=0x000001cb1806a0f8 method=java.util.ArrayList.grow(I)[Ljava/lang/Object; @ 17 c2
Event: 6.870 Thread 0x000001cb3c583910 DEOPT PACKING pc=0x000001cb1806a0f8 sp=0x000000b910afcb10
Event: 6.870 Thread 0x000001cb3c583910 DEOPT UNPACKING pc=0x000001cb17a723a3 sp=0x000000b910afc9a8 mode 2

Classes unloaded (0 events):
No events

Classes redefined (0 events):
No events

Internal exceptions (20 events):
Event: 5.893 Thread 0x000001cb3c0a0720 Exception <a 'java/lang/NoSuchMethodError'{0x00000000ea7f6838}: 'void java.lang.invoke.DirectMethodHandle$Holder.invokeSpecial(java.lang.Object, java.lang.Object, java.lang.Object)'> (0x00000000ea7f6838) 
thrown [s\open\src\hotspot\share\interpreter\linkResolver.cpp, line 759]
Event: 5.975 Thread 0x000001cb3c583910 Exception <a 'java/lang/NoSuchMethodError'{0x00000000ea2e1648}: 'long java.lang.invoke.DirectMethodHandle$Holder.invokeInterface(java.lang.Object, java.lang.Object)'> (0x00000000ea2e1648) 
thrown [s\open\src\hotspot\share\interpreter\linkResolver.cpp, line 759]
Event: 6.060 Thread 0x000001cb3c583910 Exception <a 'java/lang/NoSuchMethodError'{0x00000000e9d5b378}: 'void java.lang.invoke.DirectMethodHandle$Holder.invokeStatic(java.lang.Object, java.lang.Object)'> (0x00000000e9d5b378) 
thrown [s\open\src\hotspot\share\interpreter\linkResolver.cpp, line 759]
Event: 6.114 Thread 0x000001cb3c583910 Exception <a 'java/lang/NoSuchMethodError'{0x00000000e9b76600}: 'int java.lang.invoke.DirectMethodHandle$Holder.invokeVirtual(java.lang.Object, java.lang.Object, java.lang.Object)'> (0x00000000e9b76600) 
thrown [s\open\src\hotspot\share\interpreter\linkResolver.cpp, line 759]
Event: 6.171 Thread 0x000001cb3c583910 Exception <a 'java/lang/NoSuchMethodError'{0x00000000e98046b0}: 'java.lang.Object java.lang.invoke.DirectMethodHandle$Holder.newInvokeSpecial(java.lang.Object, java.lang.Object, java.lang.Object, java.lang.Object, java.lang.Object, java.lang.Object)'> (0x00000000e98046b0) 
thrown [s\open\src\hotspot\share\interpreter\linkResolver.cpp, line 759]
Event: 6.176 Thread 0x000001cb3c583910 Exception <a 'java/lang/NoSuchMethodError'{0x00000000e9821598}: 'void java.lang.invoke.DirectMethodHandle$Holder.invokeSpecial(java.lang.Object, java.lang.Object, java.lang.Object, java.lang.Object, java.lang.Object)'> (0x00000000e9821598) 
thrown [s\open\src\hotspot\share\interpreter\linkResolver.cpp, line 759]
Event: 6.178 Thread 0x000001cb3c583910 Exception <a 'java/lang/NoSuchMethodError'{0x00000000e9834fc0}: 'void java.lang.invoke.DirectMethodHandle$Holder.invokeStaticInit(java.lang.Object, java.lang.Object)'> (0x00000000e9834fc0) 
thrown [s\open\src\hotspot\share\interpreter\linkResolver.cpp, line 759]
Event: 6.249 Thread 0x000001cb3c583910 Exception <a 'java/lang/NoSuchMethodError'{0x00000000e950ca20}: 'void java.lang.invoke.DelegatingMethodHandle$Holder.reinvoke_L(java.lang.Object, java.lang.Object, java.lang.Object, java.lang.Object, java.lang.Object, java.lang.Object, java.lang.Object, java.lang.Object, java.lang.Object, java.lang.Object)'> (0x00000000e950ca20) 
thrown [s\open\src\hotspot\share\interpreter\linkResolver.cpp, line 759]
Event: 6.250 Thread 0x000001cb3c583910 Exception <a 'java/lang/NoSuchMethodError'{0x00000000e9514e90}: 'java.lang.Object java.lang.invoke.DirectMethodHandle$Holder.invokeSpecial(java.lang.Object, java.lang.Object, java.lang.Object, java.lang.Object, java.lang.Object, java.lang.Object, java.lang.Object, java.lang.Object, java.lang.Object, java.lang.Object)'> (0x00000000e9514e90) 
thrown [s\open\src\hotspot\share\interpreter\linkResolver.cpp, line 759]
Event: 6.250 Thread 0x000001cb3c583910 Exception <a 'java/lang/NoSuchMethodError'{0x00000000e9519760}: 'java.lang.Object java.lang.invoke.Invokers$Holder.invoker(java.lang.Object, java.lang.Object, java.lang.Object, java.lang.Object, java.lang.Object, java.lang.Object, java.lang.Object, java.lang.Object, java.lang.Object, java.lang.Object)'> (0x00000000e9519760) 
thrown [s\open\src\hotspot\share\interpreter\linkResolver.cpp, line 759]
Event: 6.251 Thread 0x000001cb3c583910 Exception <a 'java/lang/NoSuchMethodError'{0x00000000e951f368}: 'java.lang.Object java.lang.invoke.DirectMethodHandle$Holder.invokeSpecial(java.lang.Object, java.lang.Object, java.lang.Object, java.lang.Object, java.lang.Object, java.lang.Object, java.lang.Object, java.lang.Object, java.lang.Object, java.lang.Object, java.lang.Object)'> (0x00000000e951f368) 
thrown [s\open\src\hotspot\share\interpreter\linkResolver.cpp, line 759]
Event: 6.454 Thread 0x000001cb3c583910 Exception <a 'java/lang/NoSuchMethodError'{0x00000000e8e66340}: 'java.lang.Object java.lang.invoke.DirectMethodHandle$Holder.newInvokeSpecial(java.lang.Object, java.lang.Object, int)'> (0x00000000e8e66340) 
thrown [s\open\src\hotspot\share\interpreter\linkResolver.cpp, line 759]
Event: 6.650 Thread 0x000001cb3c583910 Implicit null exception at 0x000001cb180af6e8 to 0x000001cb180af868
Event: 6.803 Thread 0x000001cb3c583910 Exception <a 'java/lang/NoSuchMethodError'{0x00000000e8760e40}: 'int java.lang.invoke.DirectMethodHandle$Holder.invokeSpecialIFC(java.lang.Object, java.lang.Object, java.lang.Object, java.lang.Object)'> (0x00000000e8760e40) 
thrown [s\open\src\hotspot\share\interpreter\linkResolver.cpp, line 759]
Event: 6.807 Thread 0x000001cb3c583910 Exception <a 'java/lang/NoSuchMethodError'{0x00000000e876ff58}: 'java.lang.Object java.lang.invoke.DirectMethodHandle$Holder.invokeInterface(java.lang.Object, java.lang.Object, java.lang.Object)'> (0x00000000e876ff58) 
thrown [s\open\src\hotspot\share\interpreter\linkResolver.cpp, line 759]
Event: 6.807 Thread 0x000001cb3c583910 Exception <a 'java/lang/IncompatibleClassChangeError'{0x00000000e8773e18}: Found class java.lang.Object, but interface was expected> (0x00000000e8773e18) 
thrown [s\open\src\hotspot\share\interpreter\linkResolver.cpp, line 826]
Event: 6.831 Thread 0x000001cb3c583910 Implicit null exception at 0x000001cb17fee058 to 0x000001cb17fee0ee
Event: 6.845 Thread 0x000001cb3c583910 Exception <a 'java/lang/NoSuchMethodError'{0x00000000e85651d0}: 'int java.lang.invoke.DirectMethodHandle$Holder.invokeStatic(java.lang.Object, java.lang.Object, java.lang.Object, java.lang.Object)'> (0x00000000e85651d0) 
thrown [s\open\src\hotspot\share\interpreter\linkResolver.cpp, line 759]
Event: 6.845 Thread 0x000001cb3c583910 Exception <a 'java/lang/NoSuchMethodError'{0x00000000e85690a0}: 'java.lang.Object java.lang.invoke.Invokers$Holder.invokeExact_MT(java.lang.Object, java.lang.Object, java.lang.Object, java.lang.Object, java.lang.Object, java.lang.Object)'> (0x00000000e85690a0) 
thrown [s\open\src\hotspot\share\interpreter\linkResolver.cpp, line 759]
Event: 6.926 Thread 0x000001cb3c583910 Exception <a 'java/lang/IncompatibleClassChangeError'{0x00000000e8243af0}: Found class java.lang.Object, but interface was expected> (0x00000000e8243af0) 
thrown [s\open\src\hotspot\share\interpreter\linkResolver.cpp, line 826]

VM Operations (20 events):
Event: 3.681 Executing VM operation: HandshakeAllThreads
Event: 3.681 Executing VM operation: HandshakeAllThreads done
Event: 3.980 Executing VM operation: HandshakeAllThreads
Event: 3.980 Executing VM operation: HandshakeAllThreads done
Event: 3.980 Executing VM operation: Cleanup
Event: 3.980 Executing VM operation: Cleanup done
Event: 4.441 Executing VM operation: HandshakeAllThreads
Event: 4.441 Executing VM operation: HandshakeAllThreads done
Event: 5.450 Executing VM operation: HandshakeAllThreads
Event: 5.450 Executing VM operation: HandshakeAllThreads done
Event: 5.450 Executing VM operation: Cleanup
Event: 5.450 Executing VM operation: Cleanup done
Event: 5.595 Executing VM operation: HandshakeAllThreads
Event: 5.595 Executing VM operation: HandshakeAllThreads done
Event: 6.608 Executing VM operation: Cleanup
Event: 6.636 Executing VM operation: Cleanup done
Event: 6.904 Executing VM operation: HandshakeAllThreads
Event: 6.904 Executing VM operation: HandshakeAllThreads done
Event: 6.904 Executing VM operation: HandshakeAllThreads
Event: 6.904 Executing VM operation: HandshakeAllThreads done

Events (20 events):
Event: 6.647 loading class sun/security/provider/SHA5$SHA512
Event: 6.647 loading class sun/security/provider/SHA5
Event: 6.647 loading class sun/security/provider/SHA5 done
Event: 6.647 loading class sun/security/provider/SHA5$SHA512 done
Event: 6.650 loading class sun/security/provider/ByteArrayAccess$LE
Event: 6.650 loading class sun/security/provider/ByteArrayAccess$LE done
Event: 6.759 loading class java/io/File$TempDirectory
Event: 6.759 loading class java/io/File$TempDirectory done
Event: 6.767 loading class java/io/PrintWriter
Event: 6.768 loading class java/io/PrintWriter done
Event: 6.799 loading class java/util/concurrent/Semaphore
Event: 6.799 loading class java/util/concurrent/Semaphore done
Event: 6.801 loading class java/nio/file/FileVisitOption
Event: 6.802 loading class java/nio/file/FileVisitOption done
Event: 6.808 loading class java/util/stream/ReduceOps$1
Event: 6.809 loading class java/util/stream/ReduceOps$1 done
Event: 6.809 loading class java/util/stream/ReduceOps$1ReducingSink
Event: 6.809 loading class java/util/stream/ReduceOps$1ReducingSink done
Event: 6.946 loading class java/util/Collections$2
Event: 6.947 loading class java/util/Collections$2 done


Dynamic libraries:
0x00007ff6edb10000 - 0x00007ff6edb20000 	C:\Program Files\Java\jdk-17\bin\java.exe
0x00007ffc09710000 - 0x00007ffc09927000 	C:\WINDOWS\SYSTEM32\ntdll.dll
0x00007ffc07450000 - 0x00007ffc07514000 	C:\WINDOWS\System32\KERNEL32.DLL
0x00007ffc06d10000 - 0x00007ffc070c9000 	C:\WINDOWS\System32\KERNELBASE.dll
0x00007ffc07310000 - 0x00007ffc07421000 	C:\WINDOWS\System32\ucrtbase.dll
0x00007ffbfb4c0000 - 0x00007ffbfb4db000 	C:\Program Files\Java\jdk-17\bin\VCRUNTIME140.dll
0x00007ffbfc590000 - 0x00007ffbfc5a9000 	C:\Program Files\Java\jdk-17\bin\jli.dll
0x00007ffc09420000 - 0x00007ffc094d2000 	C:\WINDOWS\System32\ADVAPI32.dll
0x00007ffc078f0000 - 0x00007ffc07997000 	C:\WINDOWS\System32\msvcrt.dll
0x00007ffc07d30000 - 0x00007ffc07dd7000 	C:\WINDOWS\System32\sechost.dll
0x00007ffc070d0000 - 0x00007ffc070f8000 	C:\WINDOWS\System32\bcrypt.dll
0x00007ffc092a0000 - 0x00007ffc093b4000 	C:\WINDOWS\System32\RPCRT4.dll
0x00007ffc094e0000 - 0x00007ffc0968e000 	C:\WINDOWS\System32\USER32.dll
0x00007ffc06b70000 - 0x00007ffc06b96000 	C:\WINDOWS\System32\win32u.dll
0x00007ffc08aa0000 - 0x00007ffc08ac9000 	C:\WINDOWS\System32\GDI32.dll
0x00007ffc071f0000 - 0x00007ffc0730b000 	C:\WINDOWS\System32\gdi32full.dll
0x00007ffc06ad0000 - 0x00007ffc06b6a000 	C:\WINDOWS\System32\msvcp_win.dll
0x00007ffbec790000 - 0x00007ffbeca22000 	C:\WINDOWS\WinSxS\amd64_microsoft.windows.common-controls_6595b64144ccf1df_6.0.22621.4391_none_2715d37f73803e96\COMCTL32.dll
0x00007ffbfe020000 - 0x00007ffbfe02a000 	C:\WINDOWS\SYSTEM32\VERSION.dll
0x00007ffc09000000 - 0x00007ffc09031000 	C:\WINDOWS\System32\IMM32.DLL
0x00007ffbfb5d0000 - 0x00007ffbfb5dc000 	C:\Program Files\Java\jdk-17\bin\vcruntime140_1.dll
0x00007ffbd3c80000 - 0x00007ffbd3d0e000 	C:\Program Files\Java\jdk-17\bin\msvcp140.dll
0x00007ffb3cec0000 - 0x00007ffb3da9f000 	C:\Program Files\Java\jdk-17\bin\server\jvm.dll
0x00007ffc096c0000 - 0x00007ffc096c8000 	C:\WINDOWS\System32\PSAPI.DLL
0x00007ffbdf7f0000 - 0x00007ffbdf7f9000 	C:\WINDOWS\SYSTEM32\WSOCK32.dll
0x00007ffc07f90000 - 0x00007ffc08001000 	C:\WINDOWS\System32\WS2_32.dll
0x00007ffc003a0000 - 0x00007ffc003d4000 	C:\WINDOWS\SYSTEM32\WINMM.dll
0x00007ffc05a50000 - 0x00007ffc05a68000 	C:\WINDOWS\SYSTEM32\kernel.appcore.dll
0x00007ffbfb4b0000 - 0x00007ffbfb4ba000 	C:\Program Files\Java\jdk-17\bin\jimage.dll
0x00007ffbfe8b0000 - 0x00007ffbfeae2000 	C:\WINDOWS\SYSTEM32\DBGHELP.DLL
0x00007ffc079a0000 - 0x00007ffc07d2f000 	C:\WINDOWS\System32\combase.dll
0x00007ffc091c0000 - 0x00007ffc09297000 	C:\WINDOWS\System32\OLEAUT32.dll
0x00007ffbfe300000 - 0x00007ffbfe332000 	C:\WINDOWS\SYSTEM32\dbgcore.DLL
0x00007ffc07170000 - 0x00007ffc071eb000 	C:\WINDOWS\System32\bcryptPrimitives.dll
0x00007ffbf6820000 - 0x00007ffbf682e000 	C:\Program Files\Java\jdk-17\bin\instrument.dll
0x00007ffbee5e0000 - 0x00007ffbee605000 	C:\Program Files\Java\jdk-17\bin\java.dll
0x00007ffbbf9d0000 - 0x00007ffbbfaa7000 	C:\Program Files\Java\jdk-17\bin\jsvml.dll
0x00007ffc080a0000 - 0x00007ffc08916000 	C:\WINDOWS\System32\SHELL32.dll
0x00007ffc04950000 - 0x00007ffc05253000 	C:\WINDOWS\SYSTEM32\windows.storage.dll
0x00007ffc04810000 - 0x00007ffc0494f000 	C:\WINDOWS\SYSTEM32\wintypes.dll
0x00007ffc08990000 - 0x00007ffc08a89000 	C:\WINDOWS\System32\SHCORE.dll
0x00007ffc076d0000 - 0x00007ffc0772e000 	C:\WINDOWS\System32\shlwapi.dll
0x00007ffc06940000 - 0x00007ffc0696b000 	C:\WINDOWS\SYSTEM32\profapi.dll
0x00007ffbe3dc0000 - 0x00007ffbe3dd8000 	C:\Program Files\Java\jdk-17\bin\zip.dll
0x00007ffbe8520000 - 0x00007ffbe8539000 	C:\Program Files\Java\jdk-17\bin\net.dll
0x00007ffbffa10000 - 0x00007ffbffb46000 	C:\WINDOWS\SYSTEM32\WINHTTP.dll
0x00007ffc05ed0000 - 0x00007ffc05f39000 	C:\WINDOWS\system32\mswsock.dll
0x00007ffbe3de0000 - 0x00007ffbe3df6000 	C:\Program Files\Java\jdk-17\bin\nio.dll
0x00007ffbee5d0000 - 0x00007ffbee5e0000 	C:\Program Files\Java\jdk-17\bin\verify.dll
0x00007ffbf3bb0000 - 0x00007ffbf3bd7000 	C:\Users\madyb\.gradle\native\c067742578af261105cb4f569cf0c3c89f3d7b1fecec35dd04571415982c5e48\windows-amd64\native-platform.dll
0x00007ffbb7070000 - 0x00007ffbb71b4000 	C:\Users\madyb\.gradle\native\100fb08df4bc3b14c8652ba06237920a3bd2aa13389f12d3474272988ae205f9\windows-amd64\native-platform-file-events.dll
0x00007ffbee4e0000 - 0x00007ffbee4ea000 	C:\Program Files\Java\jdk-17\bin\management.dll
0x00007ffbeb910000 - 0x00007ffbeb91b000 	C:\Program Files\Java\jdk-17\bin\management_ext.dll
0x00007ffc06120000 - 0x00007ffc0613b000 	C:\WINDOWS\SYSTEM32\CRYPTSP.dll
0x00007ffc059b0000 - 0x00007ffc059e5000 	C:\WINDOWS\system32\rsaenh.dll
0x00007ffc05fc0000 - 0x00007ffc05fe8000 	C:\WINDOWS\SYSTEM32\USERENV.dll
0x00007ffc06140000 - 0x00007ffc0614c000 	C:\WINDOWS\SYSTEM32\CRYPTBASE.dll
0x00007ffc054c0000 - 0x00007ffc054ed000 	C:\WINDOWS\SYSTEM32\IPHLPAPI.DLL
0x00007ffc08a90000 - 0x00007ffc08a99000 	C:\WINDOWS\System32\NSI.dll
0x00007ffbff930000 - 0x00007ffbff949000 	C:\WINDOWS\SYSTEM32\dhcpcsvc6.DLL
0x00007ffbff910000 - 0x00007ffbff92f000 	C:\WINDOWS\SYSTEM32\dhcpcsvc.DLL
0x00007ffc05530000 - 0x00007ffc05632000 	C:\WINDOWS\SYSTEM32\DNSAPI.dll
0x00007ffbeb900000 - 0x00007ffbeb90e000 	C:\Program Files\Java\jdk-17\bin\sunmscapi.dll
0x00007ffc06ba0000 - 0x00007ffc06d06000 	C:\WINDOWS\System32\CRYPT32.dll
0x00007ffc062e0000 - 0x00007ffc0630d000 	C:\WINDOWS\SYSTEM32\ncrypt.dll
0x00007ffc062a0000 - 0x00007ffc062d7000 	C:\WINDOWS\SYSTEM32\NTASN1.dll
0x00007ffbe1070000 - 0x00007ffbe1078000 	C:\WINDOWS\system32\wshunix.dll

dbghelp: loaded successfully - version: 4.0.5 - missing functions: none
symbol engine: initialized successfully - sym options: 0x614 - pdb path: .;C:\Program Files\Java\jdk-17\bin;C:\WINDOWS\SYSTEM32;C:\WINDOWS\WinSxS\amd64_microsoft.windows.common-controls_6595b64144ccf1df_6.0.22621.4391_none_2715d37f73803e96;C:\Program Files\Java\jdk-17\bin\server;C:\Users\madyb\.gradle\native\c067742578af261105cb4f569cf0c3c89f3d7b1fecec35dd04571415982c5e48\windows-amd64;C:\Users\madyb\.gradle\native\100fb08df4bc3b14c8652ba06237920a3bd2aa13389f12d3474272988ae205f9\windows-amd64

VM Arguments:
jvm_args: --add-opens=java.base/java.util=ALL-UNNAMED --add-opens=java.base/java.lang=ALL-UNNAMED --add-opens=java.base/java.lang.invoke=ALL-UNNAMED --add-opens=java.prefs/java.util.prefs=ALL-UNNAMED --add-exports=jdk.compiler/com.sun.tools.javac.api=ALL-UNNAMED --add-exports=jdk.compiler/com.sun.tools.javac.util=ALL-UNNAMED --add-opens=java.base/java.nio.charset=ALL-UNNAMED --add-opens=java.base/java.net=ALL-UNNAMED --add-opens=java.base/java.util.concurrent.atomic=ALL-UNNAMED -XX:MaxMetaspaceSize=384m -XX:+HeapDumpOnOutOfMemoryError -Xms256m -Xmx512m -Dfile.encoding=windows-1252 -Duser.country=US -Duser.language=en -Duser.variant -javaagent:C:\Users\madyb\.gradle\wrapper\dists\gradle-8.10.2-bin\a04bxjujx95o3nb99gddekhwo\gradle-8.10.2\lib\agents\gradle-instrumentation-agent-8.10.2.jar 
java_command: org.gradle.launcher.daemon.bootstrap.GradleDaemon 8.10.2
java_class_path (initial): C:\Users\madyb\.gradle\wrapper\dists\gradle-8.10.2-bin\a04bxjujx95o3nb99gddekhwo\gradle-8.10.2\lib\gradle-daemon-main-8.10.2.jar
Launcher Type: SUN_STANDARD

[Global flags]
     intx CICompilerCount                          = 3                                         {product} {ergonomic}
   size_t CompressedClassSpaceSize                 = 335544320                                 {product} {ergonomic}
     uint ConcGCThreads                            = 1                                         {product} {ergonomic}
     uint G1ConcRefinementThreads                  = 4                                         {product} {ergonomic}
   size_t G1HeapRegionSize                         = 1048576                                   {product} {ergonomic}
    uintx GCDrainStackTargetSize                   = 64                                        {product} {ergonomic}
     bool HeapDumpOnOutOfMemoryError               = true                                   {manageable} {command line}
   size_t InitialHeapSize                          = 268435456                                 {product} {command line}
   size_t MarkStackSize                            = 4194304                                   {product} {ergonomic}
   size_t MaxHeapSize                              = 536870912                                 {product} {command line}
   size_t MaxMetaspaceSize                         = 402653184                                 {product} {command line}
   size_t MaxNewSize                               = 321912832                                 {product} {ergonomic}
   size_t MinHeapDeltaBytes                        = 1048576                                   {product} {ergonomic}
   size_t MinHeapSize                              = 268435456                                 {product} {command line}
    uintx NonNMethodCodeHeapSize                   = 5832780                                {pd product} {ergonomic}
    uintx NonProfiledCodeHeapSize                  = 122912730                              {pd product} {ergonomic}
    uintx ProfiledCodeHeapSize                     = 122912730                              {pd product} {ergonomic}
    uintx ReservedCodeCacheSize                    = 251658240                              {pd product} {ergonomic}
     bool SegmentedCodeCache                       = true                                      {product} {ergonomic}
   size_t SoftMaxHeapSize                          = 536870912                              {manageable} {ergonomic}
     bool UseCompressedClassPointers               = true                           {product lp64_product} {ergonomic}
     bool UseCompressedOops                        = true                           {product lp64_product} {ergonomic}
     bool UseG1GC                                  = true                                      {product} {ergonomic}
     bool UseLargePagesIndividualAllocation        = false                                  {pd product} {ergonomic}

Logging:
Log output configuration:
 #0: stdout all=warning uptime,level,tags
 #1: stderr all=off uptime,level,tags

Environment Variables:
PATH=C:\Program Files\Common Files\Oracle\Java\javapath;C:\Program Files (x86)\Common Files\Oracle\Java\javapath;C:\WINDOWS\system32;C:\WINDOWS;C:\WINDOWS\System32\Wbem;C:\WINDOWS\System32\WindowsPowerShell\v1.0\;C:\WINDOWS\System32\OpenSSH\;C:\Program Files\Git\cmd;C:\Program Files\nodejs\;C:\Program Files\MySQL\MySQL Shell 8.0\bin\;C:\Users\madyb\AppData\Local\Microsoft\WindowsApps;C:\Users\madyb\AppData\Roaming\npm;C:\Users\madyb\AppData\Local\Programs\Microsoft VS Code\bin;C:\Program Files\JetBrains\IntelliJ IDEA Community Edition 2023.3.6\bin;
USERNAME=madyb
OS=Windows_NT
PROCESSOR_IDENTIFIER=AMD64 Family 23 Model 24 Stepping 1, AuthenticAMD



---------------  S Y S T E M  ---------------

OS:
 Windows 11 , 64 bit Build 22621 (10.0.22621.4391)
OS uptime: 20 days 21:22 hours

CPU: total 4 (initial active 4) (4 cores per cpu, 2 threads per core) family 23 model 24 stepping 1 microcode 0x0, cx8, cmov, fxsr, ht, mmx, 3dnowpref, sse, sse2, sse3, ssse3, sse4a, sse4.1, sse4.2, popcnt, lzcnt, tsc, tscinvbit, avx, avx2, aes, clmul, bmi1, bmi2, adx, sha, fma, vzeroupper, clflush, clflushopt

Memory: 4k page, system-wide physical 6063M (324M free)
TotalPageFile size 24495M (AvailPageFile size 7M)
current process WorkingSet (physical memory assigned to process): 257M, peak: 257M
current process commit charge ("private bytes"): 418M, peak: 419M

vm_info: Java HotSpot(TM) 64-Bit Server VM (17.0.10+11-LTS-240) for windows-amd64 JRE (17.0.10+11-LTS-240), built on Dec 19 2023 21:47:25 by "mach5one" with MS VC++ 17.1 (VS2022)

END.
